Analysis & Synthesis report for InstFetch
Sun Nov 25 19:44:59 2018
Quartus Prime Version 16.0.0 Build 211 04/27/2016 SJ Lite Edition


---------------------
; Table of Contents ;
---------------------
  1. Legal Notice
  2. Analysis & Synthesis Summary
  3. Analysis & Synthesis Settings
  4. Parallel Compilation
  5. Analysis & Synthesis Source Files Read
  6. Analysis & Synthesis Resource Usage Summary
  7. Analysis & Synthesis Resource Utilization by Entity
  8. Registers Removed During Synthesis
  9. Removed Registers Triggering Further Register Optimizations
 10. General Register Statistics
 11. Parameter Settings for User Entity Instance: mux4:pc_mux
 12. Port Connectivity Checks: "alu_add:alu_pc|add_1bit:a15"
 13. Port Connectivity Checks: "alu_add:alu_pc|add_1bit:a0"
 14. Port Connectivity Checks: "alu_add:alu_pc"
 15. Port Connectivity Checks: "memory:inst_mem"
 16. Port Connectivity Checks: "pc:pc1"
 17. Analysis & Synthesis Messages



----------------
; Legal Notice ;
----------------
Copyright (C) 1991-2016 Altera Corporation. All rights reserved.
Your use of Altera Corporation's design tools, logic functions 
and other software and tools, and its AMPP partner logic 
functions, and any output files from any of the foregoing 
(including device programming or simulation files), and any 
associated documentation or information are expressly subject 
to the terms and conditions of the Altera Program License 
Subscription Agreement, the Altera Quartus Prime License Agreement,
the Altera MegaCore Function License Agreement, or other 
applicable license agreement, including, without limitation, 
that your use is for the sole purpose of programming logic 
devices manufactured by Altera and sold by Altera or its 
authorized distributors.  Please refer to the applicable 
agreement for further details.



+---------------------------------------------------------------------------+
; Analysis & Synthesis Summary                                              ;
+-----------------------------+---------------------------------------------+
; Analysis & Synthesis Status ; Successful - Sun Nov 25 19:44:59 2018       ;
; Quartus Prime Version       ; 16.0.0 Build 211 04/27/2016 SJ Lite Edition ;
; Revision Name               ; InstFetch                                   ;
; Top-level Entity Name       ; InstFetch                                   ;
; Family                      ; MAX V                                       ;
; Total logic elements        ; 0                                           ;
; Total pins                  ; 52                                          ;
; Total virtual pins          ; 0                                           ;
; UFM blocks                  ; 0 / 1 ( 0 % )                               ;
+-----------------------------+---------------------------------------------+


+----------------------------------------------------------------------------------------------------------------------+
; Analysis & Synthesis Settings                                                                                        ;
+----------------------------------------------------------------------------+--------------------+--------------------+
; Option                                                                     ; Setting            ; Default Value      ;
+----------------------------------------------------------------------------+--------------------+--------------------+
; Device                                                                     ; 5M1270ZT144C5      ;                    ;
; Top-level entity name                                                      ; InstFetch          ; InstFetch          ;
; Family name                                                                ; MAX V              ; Cyclone V          ;
; Use smart compilation                                                      ; Off                ; Off                ;
; Enable parallel Assembler and TimeQuest Timing Analyzer during compilation ; On                 ; On                 ;
; Enable compact report table                                                ; Off                ; Off                ;
; Restructure Multiplexers                                                   ; Auto               ; Auto               ;
; Create Debugging Nodes for IP Cores                                        ; Off                ; Off                ;
; Preserve fewer node names                                                  ; On                 ; On                 ;
; Disable OpenCore Plus hardware evaluation                                  ; Off                ; Off                ;
; Verilog Version                                                            ; Verilog_2001       ; Verilog_2001       ;
; VHDL Version                                                               ; VHDL_1993          ; VHDL_1993          ;
; State Machine Processing                                                   ; Auto               ; Auto               ;
; Safe State Machine                                                         ; Off                ; Off                ;
; Extract Verilog State Machines                                             ; On                 ; On                 ;
; Extract VHDL State Machines                                                ; On                 ; On                 ;
; Ignore Verilog initial constructs                                          ; Off                ; Off                ;
; Iteration limit for constant Verilog loops                                 ; 5000               ; 5000               ;
; Iteration limit for non-constant Verilog loops                             ; 250                ; 250                ;
; Add Pass-Through Logic to Inferred RAMs                                    ; On                 ; On                 ;
; Infer RAMs from Raw Logic                                                  ; On                 ; On                 ;
; Parallel Synthesis                                                         ; On                 ; On                 ;
; NOT Gate Push-Back                                                         ; On                 ; On                 ;
; Power-Up Don't Care                                                        ; On                 ; On                 ;
; Remove Redundant Logic Cells                                               ; Off                ; Off                ;
; Remove Duplicate Registers                                                 ; On                 ; On                 ;
; Ignore CARRY Buffers                                                       ; Off                ; Off                ;
; Ignore CASCADE Buffers                                                     ; Off                ; Off                ;
; Ignore GLOBAL Buffers                                                      ; Off                ; Off                ;
; Ignore ROW GLOBAL Buffers                                                  ; Off                ; Off                ;
; Ignore LCELL Buffers                                                       ; Off                ; Off                ;
; Ignore SOFT Buffers                                                        ; On                 ; On                 ;
; Limit AHDL Integers to 32 Bits                                             ; Off                ; Off                ;
; Optimization Technique                                                     ; Balanced           ; Balanced           ;
; Carry Chain Length                                                         ; 70                 ; 70                 ;
; Auto Carry Chains                                                          ; On                 ; On                 ;
; Auto Open-Drain Pins                                                       ; On                 ; On                 ;
; Perform WYSIWYG Primitive Resynthesis                                      ; Off                ; Off                ;
; Auto Shift Register Replacement                                            ; Auto               ; Auto               ;
; Allow Shift Register Merging across Hierarchies                            ; Auto               ; Auto               ;
; Auto Clock Enable Replacement                                              ; On                 ; On                 ;
; Allow Synchronous Control Signals                                          ; On                 ; On                 ;
; Force Use of Synchronous Clear Signals                                     ; Off                ; Off                ;
; Auto Resource Sharing                                                      ; Off                ; Off                ;
; Use LogicLock Constraints during Resource Balancing                        ; On                 ; On                 ;
; Ignore translate_off and synthesis_off directives                          ; Off                ; Off                ;
; Report Parameter Settings                                                  ; On                 ; On                 ;
; Report Source Assignments                                                  ; On                 ; On                 ;
; Report Connectivity Checks                                                 ; On                 ; On                 ;
; Ignore Maximum Fan-Out Assignments                                         ; Off                ; Off                ;
; Synchronization Register Chain Length                                      ; 2                  ; 2                  ;
; PowerPlay Power Optimization During Synthesis                              ; Normal compilation ; Normal compilation ;
; HDL message level                                                          ; Level2             ; Level2             ;
; Suppress Register Optimization Related Messages                            ; Off                ; Off                ;
; Number of Removed Registers Reported in Synthesis Report                   ; 5000               ; 5000               ;
; Number of Swept Nodes Reported in Synthesis Report                         ; 5000               ; 5000               ;
; Number of Inverted Registers Reported in Synthesis Report                  ; 100                ; 100                ;
; Clock MUX Protection                                                       ; On                 ; On                 ;
; Block Design Naming                                                        ; Auto               ; Auto               ;
; Synthesis Effort                                                           ; Auto               ; Auto               ;
; Shift Register Replacement - Allow Asynchronous Clear Signal               ; On                 ; On                 ;
; Analysis & Synthesis Message Level                                         ; Medium             ; Medium             ;
; Disable Register Merging Across Hierarchies                                ; Auto               ; Auto               ;
; Synthesis Seed                                                             ; 1                  ; 1                  ;
+----------------------------------------------------------------------------+--------------------+--------------------+


+------------------------------------------+
; Parallel Compilation                     ;
+----------------------------+-------------+
; Processors                 ; Number      ;
+----------------------------+-------------+
; Number detected on machine ; 4           ;
; Maximum allowed            ; 2           ;
;                            ;             ;
; Average used               ; 1.00        ;
; Maximum used               ; 1           ;
;                            ;             ;
; Usage by Processor         ; % Time Used ;
;     Processor 1            ; 100.0%      ;
+----------------------------+-------------+


+---------------------------------------------------------------------------------------------------------------------------------------------------+
; Analysis & Synthesis Source Files Read                                                                                                            ;
+----------------------------------+-----------------+-----------------+------------------------------------------------------------------+---------+
; File Name with User-Entered Path ; Used in Netlist ; File Type       ; File Name with Absolute Path                                     ; Library ;
+----------------------------------+-----------------+-----------------+------------------------------------------------------------------+---------+
; InstFetch.vhd                    ; yes             ; User VHDL File  ; /home/shivi/Desktop/MICRO/PIPELINE_24nov_ctrl-done/InstFetch.vhd ;         ;
; memory.vhd                       ; yes             ; User VHDL File  ; /home/shivi/Desktop/MICRO/PIPELINE_24nov_ctrl-done/memory.vhd    ;         ;
; pc.vhd                           ; yes             ; User VHDL File  ; /home/shivi/Desktop/MICRO/PIPELINE_24nov_ctrl-done/pc.vhd        ;         ;
; mux4.vhd                         ; yes             ; User VHDL File  ; /home/shivi/Desktop/MICRO/PIPELINE_24nov_ctrl-done/mux4.vhd      ;         ;
; alu_add.vhd                      ; yes             ; User VHDL File  ; /home/shivi/Desktop/MICRO/PIPELINE_24nov_ctrl-done/alu_add.vhd   ;         ;
+----------------------------------+-----------------+-----------------+------------------------------------------------------------------+---------+


+-----------------------------------------------------+
; Analysis & Synthesis Resource Usage Summary         ;
+---------------------------------------------+-------+
; Resource                                    ; Usage ;
+---------------------------------------------+-------+
; Total logic elements                        ; 0     ;
;     -- Combinational with no register       ; 0     ;
;     -- Register only                        ; 0     ;
;     -- Combinational with a register        ; 0     ;
;                                             ;       ;
; Logic element usage by number of LUT inputs ;       ;
;     -- 4 input functions                    ; 0     ;
;     -- 3 input functions                    ; 0     ;
;     -- 2 input functions                    ; 0     ;
;     -- 1 input functions                    ; 0     ;
;     -- 0 input functions                    ; 0     ;
;                                             ;       ;
; Logic elements by mode                      ;       ;
;     -- normal mode                          ; 0     ;
;     -- arithmetic mode                      ; 0     ;
;     -- qfbk mode                            ; 0     ;
;     -- register cascade mode                ; 0     ;
;     -- synchronous clear/load mode          ; 0     ;
;     -- asynchronous clear/load mode         ; 0     ;
;                                             ;       ;
; Total registers                             ; 0     ;
; I/O pins                                    ; 52    ;
+---------------------------------------------+-------+


+------------------------------------------------------------------------------------------------------------------------------------------------------------------------------------------------------------------------------------+
; Analysis & Synthesis Resource Utilization by Entity                                                                                                                                                                                ;
+----------------------------+-------------+--------------+------------+------+--------------+--------------+-------------------+------------------+-----------------+------------+---------------------+-------------+--------------+
; Compilation Hierarchy Node ; Logic Cells ; LC Registers ; UFM Blocks ; Pins ; Virtual Pins ; LUT-Only LCs ; Register-Only LCs ; LUT/Register LCs ; Carry Chain LCs ; Packed LCs ; Full Hierarchy Name ; Entity Name ; Library Name ;
+----------------------------+-------------+--------------+------------+------+--------------+--------------+-------------------+------------------+-----------------+------------+---------------------+-------------+--------------+
; |InstFetch                 ; 0 (0)       ; 0            ; 0          ; 52   ; 0            ; 0 (0)        ; 0 (0)             ; 0 (0)            ; 0 (0)           ; 0 (0)      ; |InstFetch          ; InstFetch   ; work         ;
+----------------------------+-------------+--------------+------------+------+--------------+--------------+-------------------+------------------+-----------------+------------+---------------------+-------------+--------------+
Note: For table entries with two numbers listed, the numbers in parentheses indicate the number of resources of the given type used by the specific entity alone. The numbers listed outside of parentheses indicate the total resources of the given type used by the specific entity and all of its sub-entities in the hierarchy.


+---------------------------------------------------------------------------------------+
; Registers Removed During Synthesis                                                    ;
+-----------------------------------------+---------------------------------------------+
; Register name                           ; Reason for Removal                          ;
+-----------------------------------------+---------------------------------------------+
; memory:inst_mem|mem[31][3]              ; Stuck at GND due to stuck port clock_enable ;
; memory:inst_mem|mem[31][2]              ; Stuck at GND due to stuck port clock_enable ;
; memory:inst_mem|mem[31][1]              ; Stuck at GND due to stuck port clock_enable ;
; memory:inst_mem|mem[31][0]              ; Stuck at GND due to stuck port clock_enable ;
; memory:inst_mem|mem[31][4]              ; Stuck at GND due to stuck port clock_enable ;
; memory:inst_mem|mem[31][5]              ; Stuck at GND due to stuck port clock_enable ;
; memory:inst_mem|mem[31][6]              ; Stuck at GND due to stuck port clock_enable ;
; memory:inst_mem|mem[31][7]              ; Stuck at GND due to stuck port clock_enable ;
; memory:inst_mem|mem[31][8]              ; Stuck at GND due to stuck port clock_enable ;
; memory:inst_mem|mem[31][9]              ; Stuck at GND due to stuck port clock_enable ;
; memory:inst_mem|mem[31][10]             ; Stuck at GND due to stuck port clock_enable ;
; memory:inst_mem|mem[31][11]             ; Stuck at GND due to stuck port clock_enable ;
; memory:inst_mem|mem[31][12]             ; Stuck at GND due to stuck port clock_enable ;
; memory:inst_mem|mem[31][13]             ; Stuck at GND due to stuck port clock_enable ;
; memory:inst_mem|mem[31][14]             ; Stuck at GND due to stuck port clock_enable ;
; memory:inst_mem|mem[31][15]             ; Stuck at GND due to stuck port clock_enable ;
; memory:inst_mem|mem[30][0]              ; Stuck at GND due to stuck port clock_enable ;
; memory:inst_mem|mem[30][1]              ; Stuck at GND due to stuck port clock_enable ;
; memory:inst_mem|mem[30][2]              ; Stuck at GND due to stuck port clock_enable ;
; memory:inst_mem|mem[30][3]              ; Stuck at GND due to stuck port clock_enable ;
; memory:inst_mem|mem[30][4]              ; Stuck at GND due to stuck port clock_enable ;
; memory:inst_mem|mem[30][5]              ; Stuck at GND due to stuck port clock_enable ;
; memory:inst_mem|mem[30][6]              ; Stuck at GND due to stuck port clock_enable ;
; memory:inst_mem|mem[30][7]              ; Stuck at GND due to stuck port clock_enable ;
; memory:inst_mem|mem[30][8]              ; Stuck at GND due to stuck port clock_enable ;
; memory:inst_mem|mem[30][9]              ; Stuck at GND due to stuck port clock_enable ;
; memory:inst_mem|mem[30][10]             ; Stuck at GND due to stuck port clock_enable ;
; memory:inst_mem|mem[30][11]             ; Stuck at GND due to stuck port clock_enable ;
; memory:inst_mem|mem[30][12]             ; Stuck at GND due to stuck port clock_enable ;
; memory:inst_mem|mem[30][13]             ; Stuck at GND due to stuck port clock_enable ;
; memory:inst_mem|mem[30][14]             ; Stuck at GND due to stuck port clock_enable ;
; memory:inst_mem|mem[30][15]             ; Stuck at GND due to stuck port clock_enable ;
; memory:inst_mem|mem[29][0]              ; Stuck at GND due to stuck port clock_enable ;
; memory:inst_mem|mem[29][1]              ; Stuck at GND due to stuck port clock_enable ;
; memory:inst_mem|mem[29][2]              ; Stuck at GND due to stuck port clock_enable ;
; memory:inst_mem|mem[29][3]              ; Stuck at GND due to stuck port clock_enable ;
; memory:inst_mem|mem[29][4]              ; Stuck at GND due to stuck port clock_enable ;
; memory:inst_mem|mem[29][5]              ; Stuck at GND due to stuck port clock_enable ;
; memory:inst_mem|mem[29][6]              ; Stuck at GND due to stuck port clock_enable ;
; memory:inst_mem|mem[29][7]              ; Stuck at GND due to stuck port clock_enable ;
; memory:inst_mem|mem[29][8]              ; Stuck at GND due to stuck port clock_enable ;
; memory:inst_mem|mem[29][9]              ; Stuck at GND due to stuck port clock_enable ;
; memory:inst_mem|mem[29][10]             ; Stuck at GND due to stuck port clock_enable ;
; memory:inst_mem|mem[29][11]             ; Stuck at GND due to stuck port clock_enable ;
; memory:inst_mem|mem[29][12]             ; Stuck at GND due to stuck port clock_enable ;
; memory:inst_mem|mem[29][13]             ; Stuck at GND due to stuck port clock_enable ;
; memory:inst_mem|mem[29][14]             ; Stuck at GND due to stuck port clock_enable ;
; memory:inst_mem|mem[29][15]             ; Stuck at GND due to stuck port clock_enable ;
; memory:inst_mem|mem[28][0]              ; Stuck at GND due to stuck port clock_enable ;
; memory:inst_mem|mem[28][1]              ; Stuck at GND due to stuck port clock_enable ;
; memory:inst_mem|mem[28][2]              ; Stuck at GND due to stuck port clock_enable ;
; memory:inst_mem|mem[28][3]              ; Stuck at GND due to stuck port clock_enable ;
; memory:inst_mem|mem[28][4]              ; Stuck at GND due to stuck port clock_enable ;
; memory:inst_mem|mem[28][5]              ; Stuck at GND due to stuck port clock_enable ;
; memory:inst_mem|mem[28][6]              ; Stuck at GND due to stuck port clock_enable ;
; memory:inst_mem|mem[28][7]              ; Stuck at GND due to stuck port clock_enable ;
; memory:inst_mem|mem[28][8]              ; Stuck at GND due to stuck port clock_enable ;
; memory:inst_mem|mem[28][9]              ; Stuck at GND due to stuck port clock_enable ;
; memory:inst_mem|mem[28][10]             ; Stuck at GND due to stuck port clock_enable ;
; memory:inst_mem|mem[28][11]             ; Stuck at GND due to stuck port clock_enable ;
; memory:inst_mem|mem[28][12]             ; Stuck at GND due to stuck port clock_enable ;
; memory:inst_mem|mem[28][13]             ; Stuck at GND due to stuck port clock_enable ;
; memory:inst_mem|mem[28][14]             ; Stuck at GND due to stuck port clock_enable ;
; memory:inst_mem|mem[28][15]             ; Stuck at GND due to stuck port clock_enable ;
; memory:inst_mem|mem[27][0]              ; Stuck at GND due to stuck port clock_enable ;
; memory:inst_mem|mem[27][1]              ; Stuck at GND due to stuck port clock_enable ;
; memory:inst_mem|mem[27][2]              ; Stuck at GND due to stuck port clock_enable ;
; memory:inst_mem|mem[27][3]              ; Stuck at GND due to stuck port clock_enable ;
; memory:inst_mem|mem[27][4]              ; Stuck at GND due to stuck port clock_enable ;
; memory:inst_mem|mem[27][5]              ; Stuck at GND due to stuck port clock_enable ;
; memory:inst_mem|mem[27][6]              ; Stuck at GND due to stuck port clock_enable ;
; memory:inst_mem|mem[27][7]              ; Stuck at GND due to stuck port clock_enable ;
; memory:inst_mem|mem[27][8]              ; Stuck at GND due to stuck port clock_enable ;
; memory:inst_mem|mem[27][9]              ; Stuck at GND due to stuck port clock_enable ;
; memory:inst_mem|mem[27][10]             ; Stuck at GND due to stuck port clock_enable ;
; memory:inst_mem|mem[27][11]             ; Stuck at GND due to stuck port clock_enable ;
; memory:inst_mem|mem[27][12]             ; Stuck at GND due to stuck port clock_enable ;
; memory:inst_mem|mem[27][13]             ; Stuck at GND due to stuck port clock_enable ;
; memory:inst_mem|mem[27][14]             ; Stuck at GND due to stuck port clock_enable ;
; memory:inst_mem|mem[27][15]             ; Stuck at GND due to stuck port clock_enable ;
; memory:inst_mem|mem[26][0]              ; Stuck at GND due to stuck port clock_enable ;
; memory:inst_mem|mem[26][1]              ; Stuck at GND due to stuck port clock_enable ;
; memory:inst_mem|mem[26][2]              ; Stuck at GND due to stuck port clock_enable ;
; memory:inst_mem|mem[26][3]              ; Stuck at GND due to stuck port clock_enable ;
; memory:inst_mem|mem[26][4]              ; Stuck at GND due to stuck port clock_enable ;
; memory:inst_mem|mem[26][5]              ; Stuck at GND due to stuck port clock_enable ;
; memory:inst_mem|mem[26][6]              ; Stuck at GND due to stuck port clock_enable ;
; memory:inst_mem|mem[26][7]              ; Stuck at GND due to stuck port clock_enable ;
; memory:inst_mem|mem[26][8]              ; Stuck at GND due to stuck port clock_enable ;
; memory:inst_mem|mem[26][9]              ; Stuck at GND due to stuck port clock_enable ;
; memory:inst_mem|mem[26][10]             ; Stuck at GND due to stuck port clock_enable ;
; memory:inst_mem|mem[26][11]             ; Stuck at GND due to stuck port clock_enable ;
; memory:inst_mem|mem[26][12]             ; Stuck at GND due to stuck port clock_enable ;
; memory:inst_mem|mem[26][13]             ; Stuck at GND due to stuck port clock_enable ;
; memory:inst_mem|mem[26][14]             ; Stuck at GND due to stuck port clock_enable ;
; memory:inst_mem|mem[26][15]             ; Stuck at GND due to stuck port clock_enable ;
; memory:inst_mem|mem[25][0]              ; Stuck at GND due to stuck port clock_enable ;
; memory:inst_mem|mem[25][1]              ; Stuck at GND due to stuck port clock_enable ;
; memory:inst_mem|mem[25][2]              ; Stuck at GND due to stuck port clock_enable ;
; memory:inst_mem|mem[25][3]              ; Stuck at GND due to stuck port clock_enable ;
; memory:inst_mem|mem[25][4]              ; Stuck at GND due to stuck port clock_enable ;
; memory:inst_mem|mem[25][5]              ; Stuck at GND due to stuck port clock_enable ;
; memory:inst_mem|mem[25][6]              ; Stuck at GND due to stuck port clock_enable ;
; memory:inst_mem|mem[25][7]              ; Stuck at GND due to stuck port clock_enable ;
; memory:inst_mem|mem[25][8]              ; Stuck at GND due to stuck port clock_enable ;
; memory:inst_mem|mem[25][9]              ; Stuck at GND due to stuck port clock_enable ;
; memory:inst_mem|mem[25][10]             ; Stuck at GND due to stuck port clock_enable ;
; memory:inst_mem|mem[25][11]             ; Stuck at GND due to stuck port clock_enable ;
; memory:inst_mem|mem[25][12]             ; Stuck at GND due to stuck port clock_enable ;
; memory:inst_mem|mem[25][13]             ; Stuck at GND due to stuck port clock_enable ;
; memory:inst_mem|mem[25][14]             ; Stuck at GND due to stuck port clock_enable ;
; memory:inst_mem|mem[25][15]             ; Stuck at GND due to stuck port clock_enable ;
; memory:inst_mem|mem[24][0]              ; Stuck at GND due to stuck port clock_enable ;
; memory:inst_mem|mem[24][1]              ; Stuck at GND due to stuck port clock_enable ;
; memory:inst_mem|mem[24][2]              ; Stuck at GND due to stuck port clock_enable ;
; memory:inst_mem|mem[24][3]              ; Stuck at GND due to stuck port clock_enable ;
; memory:inst_mem|mem[24][4]              ; Stuck at GND due to stuck port clock_enable ;
; memory:inst_mem|mem[24][5]              ; Stuck at GND due to stuck port clock_enable ;
; memory:inst_mem|mem[24][6]              ; Stuck at GND due to stuck port clock_enable ;
; memory:inst_mem|mem[24][7]              ; Stuck at GND due to stuck port clock_enable ;
; memory:inst_mem|mem[24][8]              ; Stuck at GND due to stuck port clock_enable ;
; memory:inst_mem|mem[24][9]              ; Stuck at GND due to stuck port clock_enable ;
; memory:inst_mem|mem[24][10]             ; Stuck at GND due to stuck port clock_enable ;
; memory:inst_mem|mem[24][11]             ; Stuck at GND due to stuck port clock_enable ;
; memory:inst_mem|mem[24][12]             ; Stuck at GND due to stuck port clock_enable ;
; memory:inst_mem|mem[24][13]             ; Stuck at GND due to stuck port clock_enable ;
; memory:inst_mem|mem[24][14]             ; Stuck at GND due to stuck port clock_enable ;
; memory:inst_mem|mem[24][15]             ; Stuck at GND due to stuck port clock_enable ;
; memory:inst_mem|mem[23][0]              ; Stuck at GND due to stuck port clock_enable ;
; memory:inst_mem|mem[23][1]              ; Stuck at GND due to stuck port clock_enable ;
; memory:inst_mem|mem[23][2]              ; Stuck at GND due to stuck port clock_enable ;
; memory:inst_mem|mem[23][3]              ; Stuck at GND due to stuck port clock_enable ;
; memory:inst_mem|mem[23][4]              ; Stuck at GND due to stuck port clock_enable ;
; memory:inst_mem|mem[23][5]              ; Stuck at GND due to stuck port clock_enable ;
; memory:inst_mem|mem[23][6]              ; Stuck at GND due to stuck port clock_enable ;
; memory:inst_mem|mem[23][7]              ; Stuck at GND due to stuck port clock_enable ;
; memory:inst_mem|mem[23][8]              ; Stuck at GND due to stuck port clock_enable ;
; memory:inst_mem|mem[23][9]              ; Stuck at GND due to stuck port clock_enable ;
; memory:inst_mem|mem[23][10]             ; Stuck at GND due to stuck port clock_enable ;
; memory:inst_mem|mem[23][11]             ; Stuck at GND due to stuck port clock_enable ;
; memory:inst_mem|mem[23][12]             ; Stuck at GND due to stuck port clock_enable ;
; memory:inst_mem|mem[23][13]             ; Stuck at GND due to stuck port clock_enable ;
; memory:inst_mem|mem[23][14]             ; Stuck at GND due to stuck port clock_enable ;
; memory:inst_mem|mem[23][15]             ; Stuck at GND due to stuck port clock_enable ;
; memory:inst_mem|mem[22][0]              ; Stuck at GND due to stuck port clock_enable ;
; memory:inst_mem|mem[22][1]              ; Stuck at GND due to stuck port clock_enable ;
; memory:inst_mem|mem[22][2]              ; Stuck at GND due to stuck port clock_enable ;
; memory:inst_mem|mem[22][3]              ; Stuck at GND due to stuck port clock_enable ;
; memory:inst_mem|mem[22][4]              ; Stuck at GND due to stuck port clock_enable ;
; memory:inst_mem|mem[22][5]              ; Stuck at GND due to stuck port clock_enable ;
; memory:inst_mem|mem[22][6]              ; Stuck at GND due to stuck port clock_enable ;
; memory:inst_mem|mem[22][7]              ; Stuck at GND due to stuck port clock_enable ;
; memory:inst_mem|mem[22][8]              ; Stuck at GND due to stuck port clock_enable ;
; memory:inst_mem|mem[22][9]              ; Stuck at GND due to stuck port clock_enable ;
; memory:inst_mem|mem[22][10]             ; Stuck at GND due to stuck port clock_enable ;
; memory:inst_mem|mem[22][11]             ; Stuck at GND due to stuck port clock_enable ;
; memory:inst_mem|mem[22][12]             ; Stuck at GND due to stuck port clock_enable ;
; memory:inst_mem|mem[22][13]             ; Stuck at GND due to stuck port clock_enable ;
; memory:inst_mem|mem[22][14]             ; Stuck at GND due to stuck port clock_enable ;
; memory:inst_mem|mem[22][15]             ; Stuck at GND due to stuck port clock_enable ;
; memory:inst_mem|mem[21][0]              ; Stuck at GND due to stuck port clock_enable ;
; memory:inst_mem|mem[21][1]              ; Stuck at GND due to stuck port clock_enable ;
; memory:inst_mem|mem[21][2]              ; Stuck at GND due to stuck port clock_enable ;
; memory:inst_mem|mem[21][3]              ; Stuck at GND due to stuck port clock_enable ;
; memory:inst_mem|mem[21][4]              ; Stuck at GND due to stuck port clock_enable ;
; memory:inst_mem|mem[21][5]              ; Stuck at GND due to stuck port clock_enable ;
; memory:inst_mem|mem[21][6]              ; Stuck at GND due to stuck port clock_enable ;
; memory:inst_mem|mem[21][7]              ; Stuck at GND due to stuck port clock_enable ;
; memory:inst_mem|mem[21][8]              ; Stuck at GND due to stuck port clock_enable ;
; memory:inst_mem|mem[21][9]              ; Stuck at GND due to stuck port clock_enable ;
; memory:inst_mem|mem[21][10]             ; Stuck at GND due to stuck port clock_enable ;
; memory:inst_mem|mem[21][11]             ; Stuck at GND due to stuck port clock_enable ;
; memory:inst_mem|mem[21][12]             ; Stuck at GND due to stuck port clock_enable ;
; memory:inst_mem|mem[21][13]             ; Stuck at GND due to stuck port clock_enable ;
; memory:inst_mem|mem[21][14]             ; Stuck at GND due to stuck port clock_enable ;
; memory:inst_mem|mem[21][15]             ; Stuck at GND due to stuck port clock_enable ;
; memory:inst_mem|mem[20][0]              ; Stuck at GND due to stuck port clock_enable ;
; memory:inst_mem|mem[20][1]              ; Stuck at GND due to stuck port clock_enable ;
; memory:inst_mem|mem[20][2]              ; Stuck at GND due to stuck port clock_enable ;
; memory:inst_mem|mem[20][3]              ; Stuck at GND due to stuck port clock_enable ;
; memory:inst_mem|mem[20][4]              ; Stuck at GND due to stuck port clock_enable ;
; memory:inst_mem|mem[20][5]              ; Stuck at GND due to stuck port clock_enable ;
; memory:inst_mem|mem[20][6]              ; Stuck at GND due to stuck port clock_enable ;
; memory:inst_mem|mem[20][7]              ; Stuck at GND due to stuck port clock_enable ;
; memory:inst_mem|mem[20][8]              ; Stuck at GND due to stuck port clock_enable ;
; memory:inst_mem|mem[20][9]              ; Stuck at GND due to stuck port clock_enable ;
; memory:inst_mem|mem[20][10]             ; Stuck at GND due to stuck port clock_enable ;
; memory:inst_mem|mem[20][11]             ; Stuck at GND due to stuck port clock_enable ;
; memory:inst_mem|mem[20][12]             ; Stuck at GND due to stuck port clock_enable ;
; memory:inst_mem|mem[20][13]             ; Stuck at GND due to stuck port clock_enable ;
; memory:inst_mem|mem[20][14]             ; Stuck at GND due to stuck port clock_enable ;
; memory:inst_mem|mem[20][15]             ; Stuck at GND due to stuck port clock_enable ;
; memory:inst_mem|mem[19][0]              ; Stuck at GND due to stuck port clock_enable ;
; memory:inst_mem|mem[19][1]              ; Stuck at GND due to stuck port clock_enable ;
; memory:inst_mem|mem[19][2]              ; Stuck at GND due to stuck port clock_enable ;
; memory:inst_mem|mem[19][3]              ; Stuck at GND due to stuck port clock_enable ;
; memory:inst_mem|mem[19][4]              ; Stuck at GND due to stuck port clock_enable ;
; memory:inst_mem|mem[19][5]              ; Stuck at GND due to stuck port clock_enable ;
; memory:inst_mem|mem[19][6]              ; Stuck at GND due to stuck port clock_enable ;
; memory:inst_mem|mem[19][7]              ; Stuck at GND due to stuck port clock_enable ;
; memory:inst_mem|mem[19][8]              ; Stuck at GND due to stuck port clock_enable ;
; memory:inst_mem|mem[19][9]              ; Stuck at GND due to stuck port clock_enable ;
; memory:inst_mem|mem[19][10]             ; Stuck at GND due to stuck port clock_enable ;
; memory:inst_mem|mem[19][11]             ; Stuck at GND due to stuck port clock_enable ;
; memory:inst_mem|mem[19][12]             ; Stuck at GND due to stuck port clock_enable ;
; memory:inst_mem|mem[19][13]             ; Stuck at GND due to stuck port clock_enable ;
; memory:inst_mem|mem[19][14]             ; Stuck at GND due to stuck port clock_enable ;
; memory:inst_mem|mem[19][15]             ; Stuck at GND due to stuck port clock_enable ;
; memory:inst_mem|mem[18][0]              ; Stuck at GND due to stuck port clock_enable ;
; memory:inst_mem|mem[18][1]              ; Stuck at GND due to stuck port clock_enable ;
; memory:inst_mem|mem[18][2]              ; Stuck at GND due to stuck port clock_enable ;
; memory:inst_mem|mem[18][3]              ; Stuck at GND due to stuck port clock_enable ;
; memory:inst_mem|mem[18][4]              ; Stuck at GND due to stuck port clock_enable ;
; memory:inst_mem|mem[18][5]              ; Stuck at GND due to stuck port clock_enable ;
; memory:inst_mem|mem[18][6]              ; Stuck at GND due to stuck port clock_enable ;
; memory:inst_mem|mem[18][7]              ; Stuck at GND due to stuck port clock_enable ;
; memory:inst_mem|mem[18][8]              ; Stuck at GND due to stuck port clock_enable ;
; memory:inst_mem|mem[18][9]              ; Stuck at GND due to stuck port clock_enable ;
; memory:inst_mem|mem[18][10]             ; Stuck at GND due to stuck port clock_enable ;
; memory:inst_mem|mem[18][11]             ; Stuck at GND due to stuck port clock_enable ;
; memory:inst_mem|mem[18][12]             ; Stuck at GND due to stuck port clock_enable ;
; memory:inst_mem|mem[18][13]             ; Stuck at GND due to stuck port clock_enable ;
; memory:inst_mem|mem[18][14]             ; Stuck at GND due to stuck port clock_enable ;
; memory:inst_mem|mem[18][15]             ; Stuck at GND due to stuck port clock_enable ;
; memory:inst_mem|mem[17][0]              ; Stuck at GND due to stuck port clock_enable ;
; memory:inst_mem|mem[17][1]              ; Stuck at GND due to stuck port clock_enable ;
; memory:inst_mem|mem[17][2]              ; Stuck at GND due to stuck port clock_enable ;
; memory:inst_mem|mem[17][3]              ; Stuck at GND due to stuck port clock_enable ;
; memory:inst_mem|mem[17][4]              ; Stuck at GND due to stuck port clock_enable ;
; memory:inst_mem|mem[17][5]              ; Stuck at GND due to stuck port clock_enable ;
; memory:inst_mem|mem[17][6]              ; Stuck at GND due to stuck port clock_enable ;
; memory:inst_mem|mem[17][7]              ; Stuck at GND due to stuck port clock_enable ;
; memory:inst_mem|mem[17][8]              ; Stuck at GND due to stuck port clock_enable ;
; memory:inst_mem|mem[17][9]              ; Stuck at GND due to stuck port clock_enable ;
; memory:inst_mem|mem[17][10]             ; Stuck at GND due to stuck port clock_enable ;
; memory:inst_mem|mem[17][11]             ; Stuck at GND due to stuck port clock_enable ;
; memory:inst_mem|mem[17][12]             ; Stuck at GND due to stuck port clock_enable ;
; memory:inst_mem|mem[17][13]             ; Stuck at GND due to stuck port clock_enable ;
; memory:inst_mem|mem[17][14]             ; Stuck at GND due to stuck port clock_enable ;
; memory:inst_mem|mem[17][15]             ; Stuck at GND due to stuck port clock_enable ;
; memory:inst_mem|mem[16][0]              ; Stuck at GND due to stuck port clock_enable ;
; memory:inst_mem|mem[16][1]              ; Stuck at GND due to stuck port clock_enable ;
; memory:inst_mem|mem[16][2]              ; Stuck at GND due to stuck port clock_enable ;
; memory:inst_mem|mem[16][3]              ; Stuck at GND due to stuck port clock_enable ;
; memory:inst_mem|mem[16][4]              ; Stuck at GND due to stuck port clock_enable ;
; memory:inst_mem|mem[16][5]              ; Stuck at GND due to stuck port clock_enable ;
; memory:inst_mem|mem[16][6]              ; Stuck at GND due to stuck port clock_enable ;
; memory:inst_mem|mem[16][7]              ; Stuck at GND due to stuck port clock_enable ;
; memory:inst_mem|mem[16][8]              ; Stuck at GND due to stuck port clock_enable ;
; memory:inst_mem|mem[16][9]              ; Stuck at GND due to stuck port clock_enable ;
; memory:inst_mem|mem[16][10]             ; Stuck at GND due to stuck port clock_enable ;
; memory:inst_mem|mem[16][11]             ; Stuck at GND due to stuck port clock_enable ;
; memory:inst_mem|mem[16][12]             ; Stuck at GND due to stuck port clock_enable ;
; memory:inst_mem|mem[16][13]             ; Stuck at GND due to stuck port clock_enable ;
; memory:inst_mem|mem[16][14]             ; Stuck at GND due to stuck port clock_enable ;
; memory:inst_mem|mem[16][15]             ; Stuck at GND due to stuck port clock_enable ;
; memory:inst_mem|mem[15][0]              ; Stuck at GND due to stuck port clock_enable ;
; memory:inst_mem|mem[15][1]              ; Stuck at GND due to stuck port clock_enable ;
; memory:inst_mem|mem[15][2]              ; Stuck at GND due to stuck port clock_enable ;
; memory:inst_mem|mem[15][3]              ; Stuck at GND due to stuck port clock_enable ;
; memory:inst_mem|mem[15][4]              ; Stuck at GND due to stuck port clock_enable ;
; memory:inst_mem|mem[15][5]              ; Stuck at GND due to stuck port clock_enable ;
; memory:inst_mem|mem[15][6]              ; Stuck at GND due to stuck port clock_enable ;
; memory:inst_mem|mem[15][7]              ; Stuck at GND due to stuck port clock_enable ;
; memory:inst_mem|mem[15][8]              ; Stuck at GND due to stuck port clock_enable ;
; memory:inst_mem|mem[15][9]              ; Stuck at GND due to stuck port clock_enable ;
; memory:inst_mem|mem[15][10]             ; Stuck at GND due to stuck port clock_enable ;
; memory:inst_mem|mem[15][11]             ; Stuck at GND due to stuck port clock_enable ;
; memory:inst_mem|mem[15][12]             ; Stuck at GND due to stuck port clock_enable ;
; memory:inst_mem|mem[15][13]             ; Stuck at GND due to stuck port clock_enable ;
; memory:inst_mem|mem[15][14]             ; Stuck at GND due to stuck port clock_enable ;
; memory:inst_mem|mem[15][15]             ; Stuck at GND due to stuck port clock_enable ;
; memory:inst_mem|mem[14][0]              ; Stuck at GND due to stuck port clock_enable ;
; memory:inst_mem|mem[14][1]              ; Stuck at GND due to stuck port clock_enable ;
; memory:inst_mem|mem[14][2]              ; Stuck at GND due to stuck port clock_enable ;
; memory:inst_mem|mem[14][3]              ; Stuck at GND due to stuck port clock_enable ;
; memory:inst_mem|mem[14][4]              ; Stuck at GND due to stuck port clock_enable ;
; memory:inst_mem|mem[14][5]              ; Stuck at GND due to stuck port clock_enable ;
; memory:inst_mem|mem[14][6]              ; Stuck at GND due to stuck port clock_enable ;
; memory:inst_mem|mem[14][7]              ; Stuck at GND due to stuck port clock_enable ;
; memory:inst_mem|mem[14][8]              ; Stuck at GND due to stuck port clock_enable ;
; memory:inst_mem|mem[14][9]              ; Stuck at GND due to stuck port clock_enable ;
; memory:inst_mem|mem[14][10]             ; Stuck at GND due to stuck port clock_enable ;
; memory:inst_mem|mem[14][11]             ; Stuck at GND due to stuck port clock_enable ;
; memory:inst_mem|mem[14][12]             ; Stuck at GND due to stuck port clock_enable ;
; memory:inst_mem|mem[14][13]             ; Stuck at GND due to stuck port clock_enable ;
; memory:inst_mem|mem[14][14]             ; Stuck at GND due to stuck port clock_enable ;
; memory:inst_mem|mem[14][15]             ; Stuck at GND due to stuck port clock_enable ;
; memory:inst_mem|mem[13][0]              ; Stuck at GND due to stuck port clock_enable ;
; memory:inst_mem|mem[13][1]              ; Stuck at GND due to stuck port clock_enable ;
; memory:inst_mem|mem[13][2]              ; Stuck at GND due to stuck port clock_enable ;
; memory:inst_mem|mem[13][3]              ; Stuck at GND due to stuck port clock_enable ;
; memory:inst_mem|mem[13][4]              ; Stuck at GND due to stuck port clock_enable ;
; memory:inst_mem|mem[13][5]              ; Stuck at GND due to stuck port clock_enable ;
; memory:inst_mem|mem[13][6]              ; Stuck at GND due to stuck port clock_enable ;
; memory:inst_mem|mem[13][7]              ; Stuck at GND due to stuck port clock_enable ;
; memory:inst_mem|mem[13][8]              ; Stuck at GND due to stuck port clock_enable ;
; memory:inst_mem|mem[13][9]              ; Stuck at GND due to stuck port clock_enable ;
; memory:inst_mem|mem[13][10]             ; Stuck at GND due to stuck port clock_enable ;
; memory:inst_mem|mem[13][11]             ; Stuck at GND due to stuck port clock_enable ;
; memory:inst_mem|mem[13][12]             ; Stuck at GND due to stuck port clock_enable ;
; memory:inst_mem|mem[13][13]             ; Stuck at GND due to stuck port clock_enable ;
; memory:inst_mem|mem[13][14]             ; Stuck at GND due to stuck port clock_enable ;
; memory:inst_mem|mem[13][15]             ; Stuck at GND due to stuck port clock_enable ;
; memory:inst_mem|mem[12][0]              ; Stuck at GND due to stuck port clock_enable ;
; memory:inst_mem|mem[12][1]              ; Stuck at GND due to stuck port clock_enable ;
; memory:inst_mem|mem[12][2]              ; Stuck at GND due to stuck port clock_enable ;
; memory:inst_mem|mem[12][3]              ; Stuck at GND due to stuck port clock_enable ;
; memory:inst_mem|mem[12][4]              ; Stuck at GND due to stuck port clock_enable ;
; memory:inst_mem|mem[12][5]              ; Stuck at GND due to stuck port clock_enable ;
; memory:inst_mem|mem[12][6]              ; Stuck at GND due to stuck port clock_enable ;
; memory:inst_mem|mem[12][7]              ; Stuck at GND due to stuck port clock_enable ;
; memory:inst_mem|mem[12][8]              ; Stuck at GND due to stuck port clock_enable ;
; memory:inst_mem|mem[12][9]              ; Stuck at GND due to stuck port clock_enable ;
; memory:inst_mem|mem[12][10]             ; Stuck at GND due to stuck port clock_enable ;
; memory:inst_mem|mem[12][11]             ; Stuck at GND due to stuck port clock_enable ;
; memory:inst_mem|mem[12][12]             ; Stuck at GND due to stuck port clock_enable ;
; memory:inst_mem|mem[12][13]             ; Stuck at GND due to stuck port clock_enable ;
; memory:inst_mem|mem[12][14]             ; Stuck at GND due to stuck port clock_enable ;
; memory:inst_mem|mem[12][15]             ; Stuck at GND due to stuck port clock_enable ;
; memory:inst_mem|mem[11][0]              ; Stuck at GND due to stuck port clock_enable ;
; memory:inst_mem|mem[11][1]              ; Stuck at GND due to stuck port clock_enable ;
; memory:inst_mem|mem[11][2]              ; Stuck at GND due to stuck port clock_enable ;
; memory:inst_mem|mem[11][3]              ; Stuck at GND due to stuck port clock_enable ;
; memory:inst_mem|mem[11][4]              ; Stuck at GND due to stuck port clock_enable ;
; memory:inst_mem|mem[11][5]              ; Stuck at GND due to stuck port clock_enable ;
; memory:inst_mem|mem[11][6]              ; Stuck at GND due to stuck port clock_enable ;
; memory:inst_mem|mem[11][7]              ; Stuck at GND due to stuck port clock_enable ;
; memory:inst_mem|mem[11][8]              ; Stuck at GND due to stuck port clock_enable ;
; memory:inst_mem|mem[11][9]              ; Stuck at GND due to stuck port clock_enable ;
; memory:inst_mem|mem[11][10]             ; Stuck at GND due to stuck port clock_enable ;
; memory:inst_mem|mem[11][11]             ; Stuck at GND due to stuck port clock_enable ;
; memory:inst_mem|mem[11][12]             ; Stuck at GND due to stuck port clock_enable ;
; memory:inst_mem|mem[11][13]             ; Stuck at GND due to stuck port clock_enable ;
; memory:inst_mem|mem[11][14]             ; Stuck at GND due to stuck port clock_enable ;
; memory:inst_mem|mem[11][15]             ; Stuck at GND due to stuck port clock_enable ;
; memory:inst_mem|mem[10][0]              ; Stuck at GND due to stuck port clock_enable ;
; memory:inst_mem|mem[10][1]              ; Stuck at GND due to stuck port clock_enable ;
; memory:inst_mem|mem[10][2]              ; Stuck at GND due to stuck port clock_enable ;
; memory:inst_mem|mem[10][3]              ; Stuck at GND due to stuck port clock_enable ;
; memory:inst_mem|mem[10][4]              ; Stuck at GND due to stuck port clock_enable ;
; memory:inst_mem|mem[10][5]              ; Stuck at GND due to stuck port clock_enable ;
; memory:inst_mem|mem[10][6]              ; Stuck at GND due to stuck port clock_enable ;
; memory:inst_mem|mem[10][7]              ; Stuck at GND due to stuck port clock_enable ;
; memory:inst_mem|mem[10][8]              ; Stuck at GND due to stuck port clock_enable ;
; memory:inst_mem|mem[10][9]              ; Stuck at GND due to stuck port clock_enable ;
; memory:inst_mem|mem[10][10]             ; Stuck at GND due to stuck port clock_enable ;
; memory:inst_mem|mem[10][11]             ; Stuck at GND due to stuck port clock_enable ;
; memory:inst_mem|mem[10][12]             ; Stuck at GND due to stuck port clock_enable ;
; memory:inst_mem|mem[10][13]             ; Stuck at GND due to stuck port clock_enable ;
; memory:inst_mem|mem[10][14]             ; Stuck at GND due to stuck port clock_enable ;
; memory:inst_mem|mem[10][15]             ; Stuck at GND due to stuck port clock_enable ;
; memory:inst_mem|mem[9][0]               ; Stuck at GND due to stuck port clock_enable ;
; memory:inst_mem|mem[9][1]               ; Stuck at GND due to stuck port clock_enable ;
; memory:inst_mem|mem[9][2]               ; Stuck at GND due to stuck port clock_enable ;
; memory:inst_mem|mem[9][3]               ; Stuck at GND due to stuck port clock_enable ;
; memory:inst_mem|mem[9][4]               ; Stuck at GND due to stuck port clock_enable ;
; memory:inst_mem|mem[9][5]               ; Stuck at GND due to stuck port clock_enable ;
; memory:inst_mem|mem[9][6]               ; Stuck at GND due to stuck port clock_enable ;
; memory:inst_mem|mem[9][7]               ; Stuck at GND due to stuck port clock_enable ;
; memory:inst_mem|mem[9][8]               ; Stuck at GND due to stuck port clock_enable ;
; memory:inst_mem|mem[9][9]               ; Stuck at GND due to stuck port clock_enable ;
; memory:inst_mem|mem[9][10]              ; Stuck at GND due to stuck port clock_enable ;
; memory:inst_mem|mem[9][11]              ; Stuck at GND due to stuck port clock_enable ;
; memory:inst_mem|mem[9][12]              ; Stuck at GND due to stuck port clock_enable ;
; memory:inst_mem|mem[9][13]              ; Stuck at GND due to stuck port clock_enable ;
; memory:inst_mem|mem[9][14]              ; Stuck at GND due to stuck port clock_enable ;
; memory:inst_mem|mem[9][15]              ; Stuck at GND due to stuck port clock_enable ;
; memory:inst_mem|mem[8][0]               ; Stuck at GND due to stuck port clock_enable ;
; memory:inst_mem|mem[8][1]               ; Stuck at GND due to stuck port clock_enable ;
; memory:inst_mem|mem[8][2]               ; Stuck at GND due to stuck port clock_enable ;
; memory:inst_mem|mem[8][3]               ; Stuck at GND due to stuck port clock_enable ;
; memory:inst_mem|mem[8][4]               ; Stuck at GND due to stuck port clock_enable ;
; memory:inst_mem|mem[8][5]               ; Stuck at GND due to stuck port clock_enable ;
; memory:inst_mem|mem[8][6]               ; Stuck at GND due to stuck port clock_enable ;
; memory:inst_mem|mem[8][7]               ; Stuck at GND due to stuck port clock_enable ;
; memory:inst_mem|mem[8][8]               ; Stuck at GND due to stuck port clock_enable ;
; memory:inst_mem|mem[8][9]               ; Stuck at GND due to stuck port clock_enable ;
; memory:inst_mem|mem[8][10]              ; Stuck at GND due to stuck port clock_enable ;
; memory:inst_mem|mem[8][11]              ; Stuck at GND due to stuck port clock_enable ;
; memory:inst_mem|mem[8][12]              ; Stuck at GND due to stuck port clock_enable ;
; memory:inst_mem|mem[8][13]              ; Stuck at GND due to stuck port clock_enable ;
; memory:inst_mem|mem[8][14]              ; Stuck at GND due to stuck port clock_enable ;
; memory:inst_mem|mem[8][15]              ; Stuck at GND due to stuck port clock_enable ;
; memory:inst_mem|mem[7][0]               ; Stuck at GND due to stuck port clock_enable ;
; memory:inst_mem|mem[7][1]               ; Stuck at GND due to stuck port clock_enable ;
; memory:inst_mem|mem[7][2]               ; Stuck at GND due to stuck port clock_enable ;
; memory:inst_mem|mem[7][3]               ; Stuck at GND due to stuck port clock_enable ;
; memory:inst_mem|mem[7][4]               ; Stuck at GND due to stuck port clock_enable ;
; memory:inst_mem|mem[7][5]               ; Stuck at GND due to stuck port clock_enable ;
; memory:inst_mem|mem[7][6]               ; Stuck at GND due to stuck port clock_enable ;
; memory:inst_mem|mem[7][7]               ; Stuck at GND due to stuck port clock_enable ;
; memory:inst_mem|mem[7][8]               ; Stuck at GND due to stuck port clock_enable ;
; memory:inst_mem|mem[7][9]               ; Stuck at GND due to stuck port clock_enable ;
; memory:inst_mem|mem[7][10]              ; Stuck at GND due to stuck port clock_enable ;
; memory:inst_mem|mem[7][11]              ; Stuck at GND due to stuck port clock_enable ;
; memory:inst_mem|mem[7][12]              ; Stuck at GND due to stuck port clock_enable ;
; memory:inst_mem|mem[7][13]              ; Stuck at GND due to stuck port clock_enable ;
; memory:inst_mem|mem[7][14]              ; Stuck at GND due to stuck port clock_enable ;
; memory:inst_mem|mem[7][15]              ; Stuck at GND due to stuck port clock_enable ;
; memory:inst_mem|mem[6][0]               ; Stuck at GND due to stuck port clock_enable ;
; memory:inst_mem|mem[6][1]               ; Stuck at GND due to stuck port clock_enable ;
; memory:inst_mem|mem[6][2]               ; Stuck at GND due to stuck port clock_enable ;
; memory:inst_mem|mem[6][3]               ; Stuck at GND due to stuck port clock_enable ;
; memory:inst_mem|mem[6][4]               ; Stuck at GND due to stuck port clock_enable ;
; memory:inst_mem|mem[6][5]               ; Stuck at GND due to stuck port clock_enable ;
; memory:inst_mem|mem[6][6]               ; Stuck at GND due to stuck port clock_enable ;
; memory:inst_mem|mem[6][7]               ; Stuck at GND due to stuck port clock_enable ;
; memory:inst_mem|mem[6][8]               ; Stuck at GND due to stuck port clock_enable ;
; memory:inst_mem|mem[6][9]               ; Stuck at GND due to stuck port clock_enable ;
; memory:inst_mem|mem[6][10]              ; Stuck at GND due to stuck port clock_enable ;
; memory:inst_mem|mem[6][11]              ; Stuck at GND due to stuck port clock_enable ;
; memory:inst_mem|mem[6][12]              ; Stuck at GND due to stuck port clock_enable ;
; memory:inst_mem|mem[6][13]              ; Stuck at GND due to stuck port clock_enable ;
; memory:inst_mem|mem[6][14]              ; Stuck at GND due to stuck port clock_enable ;
; memory:inst_mem|mem[6][15]              ; Stuck at GND due to stuck port clock_enable ;
; memory:inst_mem|mem[5][0]               ; Stuck at GND due to stuck port clock_enable ;
; memory:inst_mem|mem[5][1]               ; Stuck at GND due to stuck port clock_enable ;
; memory:inst_mem|mem[5][2]               ; Stuck at GND due to stuck port clock_enable ;
; memory:inst_mem|mem[5][3]               ; Stuck at GND due to stuck port clock_enable ;
; memory:inst_mem|mem[5][4]               ; Stuck at GND due to stuck port clock_enable ;
; memory:inst_mem|mem[5][5]               ; Stuck at GND due to stuck port clock_enable ;
; memory:inst_mem|mem[5][6]               ; Stuck at GND due to stuck port clock_enable ;
; memory:inst_mem|mem[5][7]               ; Stuck at GND due to stuck port clock_enable ;
; memory:inst_mem|mem[5][8]               ; Stuck at GND due to stuck port clock_enable ;
; memory:inst_mem|mem[5][9]               ; Stuck at GND due to stuck port clock_enable ;
; memory:inst_mem|mem[5][10]              ; Stuck at GND due to stuck port clock_enable ;
; memory:inst_mem|mem[5][11]              ; Stuck at GND due to stuck port clock_enable ;
; memory:inst_mem|mem[5][12]              ; Stuck at GND due to stuck port clock_enable ;
; memory:inst_mem|mem[5][13]              ; Stuck at GND due to stuck port clock_enable ;
; memory:inst_mem|mem[5][14]              ; Stuck at GND due to stuck port clock_enable ;
; memory:inst_mem|mem[5][15]              ; Stuck at GND due to stuck port clock_enable ;
; memory:inst_mem|mem[4][0]               ; Stuck at GND due to stuck port clock_enable ;
; memory:inst_mem|mem[4][1]               ; Stuck at GND due to stuck port clock_enable ;
; memory:inst_mem|mem[4][2]               ; Stuck at GND due to stuck port clock_enable ;
; memory:inst_mem|mem[4][3]               ; Stuck at GND due to stuck port clock_enable ;
; memory:inst_mem|mem[4][4]               ; Stuck at GND due to stuck port clock_enable ;
; memory:inst_mem|mem[4][5]               ; Stuck at GND due to stuck port clock_enable ;
; memory:inst_mem|mem[4][6]               ; Stuck at GND due to stuck port clock_enable ;
; memory:inst_mem|mem[4][7]               ; Stuck at GND due to stuck port clock_enable ;
; memory:inst_mem|mem[4][8]               ; Stuck at GND due to stuck port clock_enable ;
; memory:inst_mem|mem[4][9]               ; Stuck at GND due to stuck port clock_enable ;
; memory:inst_mem|mem[4][10]              ; Stuck at GND due to stuck port clock_enable ;
; memory:inst_mem|mem[4][11]              ; Stuck at GND due to stuck port clock_enable ;
; memory:inst_mem|mem[4][12]              ; Stuck at GND due to stuck port clock_enable ;
; memory:inst_mem|mem[4][13]              ; Stuck at GND due to stuck port clock_enable ;
; memory:inst_mem|mem[4][14]              ; Stuck at GND due to stuck port clock_enable ;
; memory:inst_mem|mem[4][15]              ; Stuck at GND due to stuck port clock_enable ;
; memory:inst_mem|mem[3][0]               ; Stuck at GND due to stuck port clock_enable ;
; memory:inst_mem|mem[3][1]               ; Stuck at GND due to stuck port clock_enable ;
; memory:inst_mem|mem[3][2]               ; Stuck at GND due to stuck port clock_enable ;
; memory:inst_mem|mem[3][3]               ; Stuck at GND due to stuck port clock_enable ;
; memory:inst_mem|mem[3][4]               ; Stuck at GND due to stuck port clock_enable ;
; memory:inst_mem|mem[3][5]               ; Stuck at GND due to stuck port clock_enable ;
; memory:inst_mem|mem[3][6]               ; Stuck at GND due to stuck port clock_enable ;
; memory:inst_mem|mem[3][7]               ; Stuck at GND due to stuck port clock_enable ;
; memory:inst_mem|mem[3][8]               ; Stuck at GND due to stuck port clock_enable ;
; memory:inst_mem|mem[3][9]               ; Stuck at GND due to stuck port clock_enable ;
; memory:inst_mem|mem[3][10]              ; Stuck at GND due to stuck port clock_enable ;
; memory:inst_mem|mem[3][11]              ; Stuck at GND due to stuck port clock_enable ;
; memory:inst_mem|mem[3][12]              ; Stuck at GND due to stuck port clock_enable ;
; memory:inst_mem|mem[3][13]              ; Stuck at GND due to stuck port clock_enable ;
; memory:inst_mem|mem[3][14]              ; Stuck at GND due to stuck port clock_enable ;
; memory:inst_mem|mem[3][15]              ; Stuck at GND due to stuck port clock_enable ;
; memory:inst_mem|mem[2][0]               ; Stuck at GND due to stuck port clock_enable ;
; memory:inst_mem|mem[2][1]               ; Stuck at GND due to stuck port clock_enable ;
; memory:inst_mem|mem[2][2]               ; Stuck at GND due to stuck port clock_enable ;
; memory:inst_mem|mem[2][3]               ; Stuck at GND due to stuck port clock_enable ;
; memory:inst_mem|mem[2][4]               ; Stuck at GND due to stuck port clock_enable ;
; memory:inst_mem|mem[2][5]               ; Stuck at GND due to stuck port clock_enable ;
; memory:inst_mem|mem[2][6]               ; Stuck at GND due to stuck port clock_enable ;
; memory:inst_mem|mem[2][7]               ; Stuck at GND due to stuck port clock_enable ;
; memory:inst_mem|mem[2][8]               ; Stuck at GND due to stuck port clock_enable ;
; memory:inst_mem|mem[2][9]               ; Stuck at GND due to stuck port clock_enable ;
; memory:inst_mem|mem[2][10]              ; Stuck at GND due to stuck port clock_enable ;
; memory:inst_mem|mem[2][11]              ; Stuck at GND due to stuck port clock_enable ;
; memory:inst_mem|mem[2][12]              ; Stuck at GND due to stuck port clock_enable ;
; memory:inst_mem|mem[2][13]              ; Stuck at GND due to stuck port clock_enable ;
; memory:inst_mem|mem[2][14]              ; Stuck at GND due to stuck port clock_enable ;
; memory:inst_mem|mem[2][15]              ; Stuck at GND due to stuck port clock_enable ;
; memory:inst_mem|mem[1][0]               ; Stuck at GND due to stuck port clock_enable ;
; memory:inst_mem|mem[1][1]               ; Stuck at GND due to stuck port clock_enable ;
; memory:inst_mem|mem[1][2]               ; Stuck at GND due to stuck port clock_enable ;
; memory:inst_mem|mem[1][3]               ; Stuck at GND due to stuck port clock_enable ;
; memory:inst_mem|mem[1][4]               ; Stuck at GND due to stuck port clock_enable ;
; memory:inst_mem|mem[1][5]               ; Stuck at GND due to stuck port clock_enable ;
; memory:inst_mem|mem[1][6]               ; Stuck at GND due to stuck port clock_enable ;
; memory:inst_mem|mem[1][7]               ; Stuck at GND due to stuck port clock_enable ;
; memory:inst_mem|mem[1][8]               ; Stuck at GND due to stuck port clock_enable ;
; memory:inst_mem|mem[1][9]               ; Stuck at GND due to stuck port clock_enable ;
; memory:inst_mem|mem[1][10]              ; Stuck at GND due to stuck port clock_enable ;
; memory:inst_mem|mem[1][11]              ; Stuck at GND due to stuck port clock_enable ;
; memory:inst_mem|mem[1][12]              ; Stuck at GND due to stuck port clock_enable ;
; memory:inst_mem|mem[1][13]              ; Stuck at GND due to stuck port clock_enable ;
; memory:inst_mem|mem[1][14]              ; Stuck at GND due to stuck port clock_enable ;
; memory:inst_mem|mem[1][15]              ; Stuck at GND due to stuck port clock_enable ;
; memory:inst_mem|mem[0][0]               ; Stuck at GND due to stuck port clock_enable ;
; memory:inst_mem|mem[0][1]               ; Stuck at GND due to stuck port clock_enable ;
; memory:inst_mem|mem[0][2]               ; Stuck at GND due to stuck port clock_enable ;
; memory:inst_mem|mem[0][3]               ; Stuck at GND due to stuck port clock_enable ;
; memory:inst_mem|mem[0][4]               ; Stuck at GND due to stuck port clock_enable ;
; memory:inst_mem|mem[0][5]               ; Stuck at GND due to stuck port clock_enable ;
; memory:inst_mem|mem[0][6]               ; Stuck at GND due to stuck port clock_enable ;
; memory:inst_mem|mem[0][7]               ; Stuck at GND due to stuck port clock_enable ;
; memory:inst_mem|mem[0][8]               ; Stuck at GND due to stuck port clock_enable ;
; memory:inst_mem|mem[0][9]               ; Stuck at GND due to stuck port clock_enable ;
; memory:inst_mem|mem[0][10]              ; Stuck at GND due to stuck port clock_enable ;
; memory:inst_mem|mem[0][11]              ; Stuck at GND due to stuck port clock_enable ;
; memory:inst_mem|mem[0][12]              ; Stuck at GND due to stuck port clock_enable ;
; memory:inst_mem|mem[0][13]              ; Stuck at GND due to stuck port clock_enable ;
; memory:inst_mem|mem[0][14]              ; Stuck at GND due to stuck port clock_enable ;
; memory:inst_mem|mem[0][15]              ; Stuck at GND due to stuck port clock_enable ;
; pc:pc1|dout[0..4]                       ; Lost fanout                                 ;
; Total Number of Removed Registers = 517 ;                                             ;
+-----------------------------------------+---------------------------------------------+


+----------------------------------------------------------------------------------------------------------------------------------------------+
; Removed Registers Triggering Further Register Optimizations                                                                                  ;
+----------------------------+--------------------------------+--------------------------------------------------------------------------------+
; Register name              ; Reason for Removal             ; Registers Removed due to This Register                                         ;
+----------------------------+--------------------------------+--------------------------------------------------------------------------------+
; memory:inst_mem|mem[31][3] ; Stuck at GND                   ; pc:pc1|dout[4], pc:pc1|dout[3], pc:pc1|dout[2], pc:pc1|dout[1], pc:pc1|dout[0] ;
;                            ; due to stuck port clock_enable ;                                                                                ;
+----------------------------+--------------------------------+--------------------------------------------------------------------------------+


+------------------------------------------------------+
; General Register Statistics                          ;
+----------------------------------------------+-------+
; Statistic                                    ; Value ;
+----------------------------------------------+-------+
; Total registers                              ; 0     ;
; Number of registers using Synchronous Clear  ; 0     ;
; Number of registers using Synchronous Load   ; 0     ;
; Number of registers using Asynchronous Clear ; 0     ;
; Number of registers using Asynchronous Load  ; 0     ;
; Number of registers using Clock Enable       ; 0     ;
; Number of registers using Preset             ; 0     ;
+----------------------------------------------+-------+


+----------------------------------------------------------+
; Parameter Settings for User Entity Instance: mux4:pc_mux ;
+----------------+-------+---------------------------------+
; Parameter Name ; Value ; Type                            ;
+----------------+-------+---------------------------------+
; input_width    ; 16    ; Signed Integer                  ;
+----------------+-------+---------------------------------+
Note: In order to hide this table in the UI and the text report file, please set the "Show Parameter Settings in Synthesis Report" option in "Analysis and Synthesis Settings -> More Settings" to "Off".


+----------------------------------------------------------------------------------------------------------------+
; Port Connectivity Checks: "alu_add:alu_pc|add_1bit:a15"                                                        ;
+------+--------+----------+-------------------------------------------------------------------------------------+
; Port ; Type   ; Severity ; Details                                                                             ;
+------+--------+----------+-------------------------------------------------------------------------------------+
; o    ; Output ; Info     ; Connected to dangling logic. Logic that only feeds a dangling port will be removed. ;
+------+--------+----------+-------------------------------------------------------------------------------------+


+--------------------------------------------------------+
; Port Connectivity Checks: "alu_add:alu_pc|add_1bit:a0" ;
+------+-------+----------+------------------------------+
; Port ; Type  ; Severity ; Details                      ;
+------+-------+----------+------------------------------+
; i    ; Input ; Info     ; Stuck at GND                 ;
+------+-------+----------+------------------------------+


+--------------------------------------------+
; Port Connectivity Checks: "alu_add:alu_pc" ;
+----------+-------+----------+--------------+
; Port     ; Type  ; Severity ; Details      ;
+----------+-------+----------+--------------+
; y[15..1] ; Input ; Info     ; Stuck at GND ;
; y[0]     ; Input ; Info     ; Stuck at VCC ;
+----------+-------+----------+--------------+


+---------------------------------------------------------------------------------------------------------------------+
; Port Connectivity Checks: "memory:inst_mem"                                                                         ;
+-----------+--------+----------+-------------------------------------------------------------------------------------+
; Port      ; Type   ; Severity ; Details                                                                             ;
+-----------+--------+----------+-------------------------------------------------------------------------------------+
; mem_check ; Output ; Info     ; Connected to dangling logic. Logic that only feeds a dangling port will be removed. ;
; write     ; Input  ; Info     ; Stuck at GND                                                                        ;
; read      ; Input  ; Info     ; Stuck at VCC                                                                        ;
+-----------+--------+----------+-------------------------------------------------------------------------------------+


+-----------------------------------------+
; Port Connectivity Checks: "pc:pc1"      ;
+-------+-------+----------+--------------+
; Port  ; Type  ; Severity ; Details      ;
+-------+-------+----------+--------------+
; pc_en ; Input ; Info     ; Stuck at VCC ;
+-------+-------+----------+--------------+


+-------------------------------+
; Analysis & Synthesis Messages ;
+-------------------------------+
Info: *******************************************************************
Info: Running Quartus Prime Analysis & Synthesis
    Info: Version 16.0.0 Build 211 04/27/2016 SJ Lite Edition
    Info: Processing started: Sun Nov 25 19:44:44 2018
Info: Command: quartus_map --read_settings_files=on --write_settings_files=off InstFetch -c InstFetch
Warning (18236): Number of processors has not been specified which may cause overloading on shared machines.  Set the global assignment NUM_PARALLEL_PROCESSORS in your QSF to an appropriate value for best performance.
Info (20030): Parallel compilation is enabled and will use 2 of the 2 processors detected
Info (12021): Found 2 design units, including 1 entities, in source file InstFetch.vhd
    Info (12022): Found design unit 1: InstFetch-struct File: /home/shivi/Desktop/MICRO/PIPELINE_24nov_ctrl-done/InstFetch.vhd Line: 15
    Info (12023): Found entity 1: InstFetch File: /home/shivi/Desktop/MICRO/PIPELINE_24nov_ctrl-done/InstFetch.vhd Line: 7
Info (12021): Found 2 design units, including 1 entities, in source file memory.vhd
    Info (12022): Found design unit 1: memory-struct File: /home/shivi/Desktop/MICRO/PIPELINE_24nov_ctrl-done/memory.vhd Line: 19
    Info (12023): Found entity 1: memory File: /home/shivi/Desktop/MICRO/PIPELINE_24nov_ctrl-done/memory.vhd Line: 6
Info (12021): Found 2 design units, including 1 entities, in source file pc.vhd
    Info (12022): Found design unit 1: pc-struct File: /home/shivi/Desktop/MICRO/PIPELINE_24nov_ctrl-done/pc.vhd Line: 14
    Info (12023): Found entity 1: pc File: /home/shivi/Desktop/MICRO/PIPELINE_24nov_ctrl-done/pc.vhd Line: 7
Info (12021): Found 2 design units, including 1 entities, in source file mux4.vhd
    Info (12022): Found design unit 1: mux4-struct File: /home/shivi/Desktop/MICRO/PIPELINE_24nov_ctrl-done/mux4.vhd Line: 20
    Info (12023): Found entity 1: mux4 File: /home/shivi/Desktop/MICRO/PIPELINE_24nov_ctrl-done/mux4.vhd Line: 7
Info (12021): Found 4 design units, including 2 entities, in source file alu_add.vhd
    Info (12022): Found design unit 1: add_1bit-Behave File: /home/shivi/Desktop/MICRO/PIPELINE_24nov_ctrl-done/alu_add.vhd Line: 10
    Info (12022): Found design unit 2: alu_add-behave File: /home/shivi/Desktop/MICRO/PIPELINE_24nov_ctrl-done/alu_add.vhd Line: 28
    Info (12023): Found entity 1: add_1bit File: /home/shivi/Desktop/MICRO/PIPELINE_24nov_ctrl-done/alu_add.vhd Line: 7
    Info (12023): Found entity 2: alu_add File: /home/shivi/Desktop/MICRO/PIPELINE_24nov_ctrl-done/alu_add.vhd Line: 23
Info (12127): Elaborating entity "InstFetch" for the top level hierarchy
Warning (10541): VHDL Signal Declaration warning at InstFetch.vhd(17): used implicit default value for signal "dummy" because signal was never assigned a value or an explicit default value. Use of implicit default value may introduce unintended design optimizations. File: /home/shivi/Desktop/MICRO/PIPELINE_24nov_ctrl-done/InstFetch.vhd Line: 17
Warning (10541): VHDL Signal Declaration warning at InstFetch.vhd(17): used implicit default value for signal "dummy_d" because signal was never assigned a value or an explicit default value. Use of implicit default value may introduce unintended design optimizations. File: /home/shivi/Desktop/MICRO/PIPELINE_24nov_ctrl-done/InstFetch.vhd Line: 17
Info (12128): Elaborating entity "pc" for hierarchy "pc:pc1" File: /home/shivi/Desktop/MICRO/PIPELINE_24nov_ctrl-done/InstFetch.vhd Line: 66
Info (12128): Elaborating entity "mux4" for hierarchy "mux4:pc_mux" File: /home/shivi/Desktop/MICRO/PIPELINE_24nov_ctrl-done/InstFetch.vhd Line: 69
Warning (10631): VHDL Process Statement warning at mux4.vhd(22): inferring latch(es) for signal or variable "dout", which holds its previous value in one or more paths through the process File: /home/shivi/Desktop/MICRO/PIPELINE_24nov_ctrl-done/mux4.vhd Line: 22
Info (10041): Inferred latch for "dout[0]" at mux4.vhd(22) File: /home/shivi/Desktop/MICRO/PIPELINE_24nov_ctrl-done/mux4.vhd Line: 22
Info (10041): Inferred latch for "dout[1]" at mux4.vhd(22) File: /home/shivi/Desktop/MICRO/PIPELINE_24nov_ctrl-done/mux4.vhd Line: 22
Info (10041): Inferred latch for "dout[2]" at mux4.vhd(22) File: /home/shivi/Desktop/MICRO/PIPELINE_24nov_ctrl-done/mux4.vhd Line: 22
Info (10041): Inferred latch for "dout[3]" at mux4.vhd(22) File: /home/shivi/Desktop/MICRO/PIPELINE_24nov_ctrl-done/mux4.vhd Line: 22
Info (10041): Inferred latch for "dout[4]" at mux4.vhd(22) File: /home/shivi/Desktop/MICRO/PIPELINE_24nov_ctrl-done/mux4.vhd Line: 22
Info (10041): Inferred latch for "dout[5]" at mux4.vhd(22) File: /home/shivi/Desktop/MICRO/PIPELINE_24nov_ctrl-done/mux4.vhd Line: 22
Info (10041): Inferred latch for "dout[6]" at mux4.vhd(22) File: /home/shivi/Desktop/MICRO/PIPELINE_24nov_ctrl-done/mux4.vhd Line: 22
Info (10041): Inferred latch for "dout[7]" at mux4.vhd(22) File: /home/shivi/Desktop/MICRO/PIPELINE_24nov_ctrl-done/mux4.vhd Line: 22
Info (10041): Inferred latch for "dout[8]" at mux4.vhd(22) File: /home/shivi/Desktop/MICRO/PIPELINE_24nov_ctrl-done/mux4.vhd Line: 22
Info (10041): Inferred latch for "dout[9]" at mux4.vhd(22) File: /home/shivi/Desktop/MICRO/PIPELINE_24nov_ctrl-done/mux4.vhd Line: 22
Info (10041): Inferred latch for "dout[10]" at mux4.vhd(22) File: /home/shivi/Desktop/MICRO/PIPELINE_24nov_ctrl-done/mux4.vhd Line: 22
Info (10041): Inferred latch for "dout[11]" at mux4.vhd(22) File: /home/shivi/Desktop/MICRO/PIPELINE_24nov_ctrl-done/mux4.vhd Line: 22
Info (10041): Inferred latch for "dout[12]" at mux4.vhd(22) File: /home/shivi/Desktop/MICRO/PIPELINE_24nov_ctrl-done/mux4.vhd Line: 22
Info (10041): Inferred latch for "dout[13]" at mux4.vhd(22) File: /home/shivi/Desktop/MICRO/PIPELINE_24nov_ctrl-done/mux4.vhd Line: 22
Info (10041): Inferred latch for "dout[14]" at mux4.vhd(22) File: /home/shivi/Desktop/MICRO/PIPELINE_24nov_ctrl-done/mux4.vhd Line: 22
Info (10041): Inferred latch for "dout[15]" at mux4.vhd(22) File: /home/shivi/Desktop/MICRO/PIPELINE_24nov_ctrl-done/mux4.vhd Line: 22
Info (12128): Elaborating entity "memory" for hierarchy "memory:inst_mem" File: /home/shivi/Desktop/MICRO/PIPELINE_24nov_ctrl-done/InstFetch.vhd Line: 73
Info (12128): Elaborating entity "alu_add" for hierarchy "alu_add:alu_pc" File: /home/shivi/Desktop/MICRO/PIPELINE_24nov_ctrl-done/InstFetch.vhd Line: 76
Info (12128): Elaborating entity "add_1bit" for hierarchy "alu_add:alu_pc|add_1bit:a0" File: /home/shivi/Desktop/MICRO/PIPELINE_24nov_ctrl-done/alu_add.vhd Line: 36
Warning (14026): LATCH primitive "mux4:pc_mux|dout[0]" is permanently enabled File: /home/shivi/Desktop/MICRO/PIPELINE_24nov_ctrl-done/mux4.vhd Line: 22
Warning (14026): LATCH primitive "mux4:pc_mux|dout[1]" is permanently enabled File: /home/shivi/Desktop/MICRO/PIPELINE_24nov_ctrl-done/mux4.vhd Line: 22
Warning (14026): LATCH primitive "mux4:pc_mux|dout[2]" is permanently enabled File: /home/shivi/Desktop/MICRO/PIPELINE_24nov_ctrl-done/mux4.vhd Line: 22
Warning (14026): LATCH primitive "mux4:pc_mux|dout[3]" is permanently enabled File: /home/shivi/Desktop/MICRO/PIPELINE_24nov_ctrl-done/mux4.vhd Line: 22
Warning (14026): LATCH primitive "mux4:pc_mux|dout[4]" is permanently enabled File: /home/shivi/Desktop/MICRO/PIPELINE_24nov_ctrl-done/mux4.vhd Line: 22
Warning (13024): Output pins are stuck at VCC or GND
    Warning (13410): Pin "inst_mem_out[0]" is stuck at GND File: /home/shivi/Desktop/MICRO/PIPELINE_24nov_ctrl-done/InstFetch.vhd Line: 11
    Warning (13410): Pin "inst_mem_out[1]" is stuck at GND File: /home/shivi/Desktop/MICRO/PIPELINE_24nov_ctrl-done/InstFetch.vhd Line: 11
    Warning (13410): Pin "inst_mem_out[2]" is stuck at GND File: /home/shivi/Desktop/MICRO/PIPELINE_24nov_ctrl-done/InstFetch.vhd Line: 11
    Warning (13410): Pin "inst_mem_out[3]" is stuck at GND File: /home/shivi/Desktop/MICRO/PIPELINE_24nov_ctrl-done/InstFetch.vhd Line: 11
    Warning (13410): Pin "inst_mem_out[4]" is stuck at GND File: /home/shivi/Desktop/MICRO/PIPELINE_24nov_ctrl-done/InstFetch.vhd Line: 11
    Warning (13410): Pin "inst_mem_out[5]" is stuck at GND File: /home/shivi/Desktop/MICRO/PIPELINE_24nov_ctrl-done/InstFetch.vhd Line: 11
    Warning (13410): Pin "inst_mem_out[6]" is stuck at GND File: /home/shivi/Desktop/MICRO/PIPELINE_24nov_ctrl-done/InstFetch.vhd Line: 11
    Warning (13410): Pin "inst_mem_out[7]" is stuck at GND File: /home/shivi/Desktop/MICRO/PIPELINE_24nov_ctrl-done/InstFetch.vhd Line: 11
    Warning (13410): Pin "inst_mem_out[8]" is stuck at GND File: /home/shivi/Desktop/MICRO/PIPELINE_24nov_ctrl-done/InstFetch.vhd Line: 11
    Warning (13410): Pin "inst_mem_out[9]" is stuck at GND File: /home/shivi/Desktop/MICRO/PIPELINE_24nov_ctrl-done/InstFetch.vhd Line: 11
    Warning (13410): Pin "inst_mem_out[10]" is stuck at GND File: /home/shivi/Desktop/MICRO/PIPELINE_24nov_ctrl-done/InstFetch.vhd Line: 11
    Warning (13410): Pin "inst_mem_out[11]" is stuck at GND File: /home/shivi/Desktop/MICRO/PIPELINE_24nov_ctrl-done/InstFetch.vhd Line: 11
    Warning (13410): Pin "inst_mem_out[12]" is stuck at GND File: /home/shivi/Desktop/MICRO/PIPELINE_24nov_ctrl-done/InstFetch.vhd Line: 11
    Warning (13410): Pin "inst_mem_out[13]" is stuck at GND File: /home/shivi/Desktop/MICRO/PIPELINE_24nov_ctrl-done/InstFetch.vhd Line: 11
    Warning (13410): Pin "inst_mem_out[14]" is stuck at GND File: /home/shivi/Desktop/MICRO/PIPELINE_24nov_ctrl-done/InstFetch.vhd Line: 11
    Warning (13410): Pin "inst_mem_out[15]" is stuck at GND File: /home/shivi/Desktop/MICRO/PIPELINE_24nov_ctrl-done/InstFetch.vhd Line: 11
Info (17049): 5 registers lost all their fanouts during netlist optimizations.
Warning (21074): Design contains 36 input pin(s) that do not drive logic
    Warning (15610): No output dependent on input pin "mux_d1[5]" File: /home/shivi/Desktop/MICRO/PIPELINE_24nov_ctrl-done/InstFetch.vhd Line: 10
    Warning (15610): No output dependent on input pin "mux_d1[6]" File: /home/shivi/Desktop/MICRO/PIPELINE_24nov_ctrl-done/InstFetch.vhd Line: 10
    Warning (15610): No output dependent on input pin "mux_d1[7]" File: /home/shivi/Desktop/MICRO/PIPELINE_24nov_ctrl-done/InstFetch.vhd Line: 10
    Warning (15610): No output dependent on input pin "mux_d1[8]" File: /home/shivi/Desktop/MICRO/PIPELINE_24nov_ctrl-done/InstFetch.vhd Line: 10
    Warning (15610): No output dependent on input pin "mux_d1[9]" File: /home/shivi/Desktop/MICRO/PIPELINE_24nov_ctrl-done/InstFetch.vhd Line: 10
    Warning (15610): No output dependent on input pin "mux_d1[10]" File: /home/shivi/Desktop/MICRO/PIPELINE_24nov_ctrl-done/InstFetch.vhd Line: 10
    Warning (15610): No output dependent on input pin "mux_d1[11]" File: /home/shivi/Desktop/MICRO/PIPELINE_24nov_ctrl-done/InstFetch.vhd Line: 10
    Warning (15610): No output dependent on input pin "mux_d1[12]" File: /home/shivi/Desktop/MICRO/PIPELINE_24nov_ctrl-done/InstFetch.vhd Line: 10
    Warning (15610): No output dependent on input pin "mux_d1[13]" File: /home/shivi/Desktop/MICRO/PIPELINE_24nov_ctrl-done/InstFetch.vhd Line: 10
    Warning (15610): No output dependent on input pin "mux_d1[14]" File: /home/shivi/Desktop/MICRO/PIPELINE_24nov_ctrl-done/InstFetch.vhd Line: 10
    Warning (15610): No output dependent on input pin "mux_d1[15]" File: /home/shivi/Desktop/MICRO/PIPELINE_24nov_ctrl-done/InstFetch.vhd Line: 10
    Warning (15610): No output dependent on input pin "mux_d2[5]" File: /home/shivi/Desktop/MICRO/PIPELINE_24nov_ctrl-done/InstFetch.vhd Line: 10
    Warning (15610): No output dependent on input pin "mux_d2[6]" File: /home/shivi/Desktop/MICRO/PIPELINE_24nov_ctrl-done/InstFetch.vhd Line: 10
    Warning (15610): No output dependent on input pin "mux_d2[7]" File: /home/shivi/Desktop/MICRO/PIPELINE_24nov_ctrl-done/InstFetch.vhd Line: 10
    Warning (15610): No output dependent on input pin "mux_d2[8]" File: /home/shivi/Desktop/MICRO/PIPELINE_24nov_ctrl-done/InstFetch.vhd Line: 10
    Warning (15610): No output dependent on input pin "mux_d2[9]" File: /home/shivi/Desktop/MICRO/PIPELINE_24nov_ctrl-done/InstFetch.vhd Line: 10
    Warning (15610): No output dependent on input pin "mux_d2[10]" File: /home/shivi/Desktop/MICRO/PIPELINE_24nov_ctrl-done/InstFetch.vhd Line: 10
    Warning (15610): No output dependent on input pin "mux_d2[11]" File: /home/shivi/Desktop/MICRO/PIPELINE_24nov_ctrl-done/InstFetch.vhd Line: 10
    Warning (15610): No output dependent on input pin "mux_d2[12]" File: /home/shivi/Desktop/MICRO/PIPELINE_24nov_ctrl-done/InstFetch.vhd Line: 10
    Warning (15610): No output dependent on input pin "mux_d2[13]" File: /home/shivi/Desktop/MICRO/PIPELINE_24nov_ctrl-done/InstFetch.vhd Line: 10
    Warning (15610): No output dependent on input pin "mux_d2[14]" File: /home/shivi/Desktop/MICRO/PIPELINE_24nov_ctrl-done/InstFetch.vhd Line: 10
    Warning (15610): No output dependent on input pin "mux_d2[15]" File: /home/shivi/Desktop/MICRO/PIPELINE_24nov_ctrl-done/InstFetch.vhd Line: 10
    Warning (15610): No output dependent on input pin "mux_sel[0]" File: /home/shivi/Desktop/MICRO/PIPELINE_24nov_ctrl-done/InstFetch.vhd Line: 9
    Warning (15610): No output dependent on input pin "mux_sel[1]" File: /home/shivi/Desktop/MICRO/PIPELINE_24nov_ctrl-done/InstFetch.vhd Line: 9
    Warning (15610): No output dependent on input pin "mux_d1[4]" File: /home/shivi/Desktop/MICRO/PIPELINE_24nov_ctrl-done/InstFetch.vhd Line: 10
    Warning (15610): No output dependent on input pin "mux_d2[4]" File: /home/shivi/Desktop/MICRO/PIPELINE_24nov_ctrl-done/InstFetch.vhd Line: 10
    Warning (15610): No output dependent on input pin "clk" File: /home/shivi/Desktop/MICRO/PIPELINE_24nov_ctrl-done/InstFetch.vhd Line: 8
    Warning (15610): No output dependent on input pin "reset" File: /home/shivi/Desktop/MICRO/PIPELINE_24nov_ctrl-done/InstFetch.vhd Line: 8
    Warning (15610): No output dependent on input pin "mux_d1[3]" File: /home/shivi/Desktop/MICRO/PIPELINE_24nov_ctrl-done/InstFetch.vhd Line: 10
    Warning (15610): No output dependent on input pin "mux_d2[3]" File: /home/shivi/Desktop/MICRO/PIPELINE_24nov_ctrl-done/InstFetch.vhd Line: 10
    Warning (15610): No output dependent on input pin "mux_d1[2]" File: /home/shivi/Desktop/MICRO/PIPELINE_24nov_ctrl-done/InstFetch.vhd Line: 10
    Warning (15610): No output dependent on input pin "mux_d2[2]" File: /home/shivi/Desktop/MICRO/PIPELINE_24nov_ctrl-done/InstFetch.vhd Line: 10
    Warning (15610): No output dependent on input pin "mux_d1[1]" File: /home/shivi/Desktop/MICRO/PIPELINE_24nov_ctrl-done/InstFetch.vhd Line: 10
    Warning (15610): No output dependent on input pin "mux_d2[1]" File: /home/shivi/Desktop/MICRO/PIPELINE_24nov_ctrl-done/InstFetch.vhd Line: 10
    Warning (15610): No output dependent on input pin "mux_d1[0]" File: /home/shivi/Desktop/MICRO/PIPELINE_24nov_ctrl-done/InstFetch.vhd Line: 10
    Warning (15610): No output dependent on input pin "mux_d2[0]" File: /home/shivi/Desktop/MICRO/PIPELINE_24nov_ctrl-done/InstFetch.vhd Line: 10
Info (21057): Implemented 52 device resources after synthesis - the final resource count might be different
    Info (21058): Implemented 36 input pins
    Info (21059): Implemented 16 output pins
Info: Quartus Prime Analysis & Synthesis was successful. 0 errors, 63 warnings
    Info: Peak virtual memory: 1227 megabytes
    Info: Processing ended: Sun Nov 25 19:44:59 2018
    Info: Elapsed time: 00:00:15
    Info: Total CPU time (on all processors): 00:00:32


