Analysis & Synthesis report for RegisterRead
Sun Nov 25 20:00:34 2018
Quartus Prime Version 16.0.0 Build 211 04/27/2016 SJ Lite Edition


---------------------
; Table of Contents ;
---------------------
  1. Legal Notice
  2. Analysis & Synthesis Summary
  3. Analysis & Synthesis Settings
  4. Parallel Compilation
  5. Analysis & Synthesis Source Files Read
  6. Analysis & Synthesis Resource Usage Summary
  7. Analysis & Synthesis Resource Utilization by Entity
  8. General Register Statistics
  9. Inverted Register Statistics
 10. Multiplexer Restructuring Statistics (Restructuring Performed)
 11. Parameter Settings for User Entity Instance: mux2:jump_mux
 12. Port Connectivity Checks: "alu_add:alu_jump|add_1bit:a15"
 13. Port Connectivity Checks: "alu_add:alu_jump|add_1bit:a0"
 14. Analysis & Synthesis Messages



----------------
; Legal Notice ;
----------------
Copyright (C) 1991-2016 Altera Corporation. All rights reserved.
Your use of Altera Corporation's design tools, logic functions 
and other software and tools, and its AMPP partner logic 
functions, and any output files from any of the foregoing 
(including device programming or simulation files), and any 
associated documentation or information are expressly subject 
to the terms and conditions of the Altera Program License 
Subscription Agreement, the Altera Quartus Prime License Agreement,
the Altera MegaCore Function License Agreement, or other 
applicable license agreement, including, without limitation, 
that your use is for the sole purpose of programming logic 
devices manufactured by Altera and sold by Altera or its 
authorized distributors.  Please refer to the applicable 
agreement for further details.



+---------------------------------------------------------------------------+
; Analysis & Synthesis Summary                                              ;
+-----------------------------+---------------------------------------------+
; Analysis & Synthesis Status ; Successful - Sun Nov 25 20:00:34 2018       ;
; Quartus Prime Version       ; 16.0.0 Build 211 04/27/2016 SJ Lite Edition ;
; Revision Name               ; RegisterRead                                ;
; Top-level Entity Name       ; RegisterRead                                ;
; Family                      ; MAX V                                       ;
; Total logic elements        ; 329                                         ;
; Total pins                  ; 102                                         ;
; Total virtual pins          ; 0                                           ;
; UFM blocks                  ; 0 / 1 ( 0 % )                               ;
+-----------------------------+---------------------------------------------+


+----------------------------------------------------------------------------------------------------------------------+
; Analysis & Synthesis Settings                                                                                        ;
+----------------------------------------------------------------------------+--------------------+--------------------+
; Option                                                                     ; Setting            ; Default Value      ;
+----------------------------------------------------------------------------+--------------------+--------------------+
; Device                                                                     ; 5M1270ZT144C5      ;                    ;
; Top-level entity name                                                      ; RegisterRead       ; RegisterRead       ;
; Family name                                                                ; MAX V              ; Cyclone V          ;
; Use smart compilation                                                      ; Off                ; Off                ;
; Enable parallel Assembler and TimeQuest Timing Analyzer during compilation ; On                 ; On                 ;
; Enable compact report table                                                ; Off                ; Off                ;
; Restructure Multiplexers                                                   ; Auto               ; Auto               ;
; Create Debugging Nodes for IP Cores                                        ; Off                ; Off                ;
; Preserve fewer node names                                                  ; On                 ; On                 ;
; Disable OpenCore Plus hardware evaluation                                  ; Off                ; Off                ;
; Verilog Version                                                            ; Verilog_2001       ; Verilog_2001       ;
; VHDL Version                                                               ; VHDL_1993          ; VHDL_1993          ;
; State Machine Processing                                                   ; Auto               ; Auto               ;
; Safe State Machine                                                         ; Off                ; Off                ;
; Extract Verilog State Machines                                             ; On                 ; On                 ;
; Extract VHDL State Machines                                                ; On                 ; On                 ;
; Ignore Verilog initial constructs                                          ; Off                ; Off                ;
; Iteration limit for constant Verilog loops                                 ; 5000               ; 5000               ;
; Iteration limit for non-constant Verilog loops                             ; 250                ; 250                ;
; Add Pass-Through Logic to Inferred RAMs                                    ; On                 ; On                 ;
; Infer RAMs from Raw Logic                                                  ; On                 ; On                 ;
; Parallel Synthesis                                                         ; On                 ; On                 ;
; NOT Gate Push-Back                                                         ; On                 ; On                 ;
; Power-Up Don't Care                                                        ; On                 ; On                 ;
; Remove Redundant Logic Cells                                               ; Off                ; Off                ;
; Remove Duplicate Registers                                                 ; On                 ; On                 ;
; Ignore CARRY Buffers                                                       ; Off                ; Off                ;
; Ignore CASCADE Buffers                                                     ; Off                ; Off                ;
; Ignore GLOBAL Buffers                                                      ; Off                ; Off                ;
; Ignore ROW GLOBAL Buffers                                                  ; Off                ; Off                ;
; Ignore LCELL Buffers                                                       ; Off                ; Off                ;
; Ignore SOFT Buffers                                                        ; On                 ; On                 ;
; Limit AHDL Integers to 32 Bits                                             ; Off                ; Off                ;
; Optimization Technique                                                     ; Balanced           ; Balanced           ;
; Carry Chain Length                                                         ; 70                 ; 70                 ;
; Auto Carry Chains                                                          ; On                 ; On                 ;
; Auto Open-Drain Pins                                                       ; On                 ; On                 ;
; Perform WYSIWYG Primitive Resynthesis                                      ; Off                ; Off                ;
; Auto Shift Register Replacement                                            ; Auto               ; Auto               ;
; Allow Shift Register Merging across Hierarchies                            ; Auto               ; Auto               ;
; Auto Clock Enable Replacement                                              ; On                 ; On                 ;
; Allow Synchronous Control Signals                                          ; On                 ; On                 ;
; Force Use of Synchronous Clear Signals                                     ; Off                ; Off                ;
; Auto Resource Sharing                                                      ; Off                ; Off                ;
; Use LogicLock Constraints during Resource Balancing                        ; On                 ; On                 ;
; Ignore translate_off and synthesis_off directives                          ; Off                ; Off                ;
; Report Parameter Settings                                                  ; On                 ; On                 ;
; Report Source Assignments                                                  ; On                 ; On                 ;
; Report Connectivity Checks                                                 ; On                 ; On                 ;
; Ignore Maximum Fan-Out Assignments                                         ; Off                ; Off                ;
; Synchronization Register Chain Length                                      ; 2                  ; 2                  ;
; PowerPlay Power Optimization During Synthesis                              ; Normal compilation ; Normal compilation ;
; HDL message level                                                          ; Level2             ; Level2             ;
; Suppress Register Optimization Related Messages                            ; Off                ; Off                ;
; Number of Removed Registers Reported in Synthesis Report                   ; 5000               ; 5000               ;
; Number of Swept Nodes Reported in Synthesis Report                         ; 5000               ; 5000               ;
; Number of Inverted Registers Reported in Synthesis Report                  ; 100                ; 100                ;
; Clock MUX Protection                                                       ; On                 ; On                 ;
; Block Design Naming                                                        ; Auto               ; Auto               ;
; Synthesis Effort                                                           ; Auto               ; Auto               ;
; Shift Register Replacement - Allow Asynchronous Clear Signal               ; On                 ; On                 ;
; Analysis & Synthesis Message Level                                         ; Medium             ; Medium             ;
; Disable Register Merging Across Hierarchies                                ; Auto               ; Auto               ;
; Synthesis Seed                                                             ; 1                  ; 1                  ;
+----------------------------------------------------------------------------+--------------------+--------------------+


+------------------------------------------+
; Parallel Compilation                     ;
+----------------------------+-------------+
; Processors                 ; Number      ;
+----------------------------+-------------+
; Number detected on machine ; 4           ;
; Maximum allowed            ; 2           ;
;                            ;             ;
; Average used               ; 1.00        ;
; Maximum used               ; 1           ;
;                            ;             ;
; Usage by Processor         ; % Time Used ;
;     Processor 1            ; 100.0%      ;
+----------------------------+-------------+


+-------------------------------------------------------------------------------------------------------------------------------------------------------+
; Analysis & Synthesis Source Files Read                                                                                                                ;
+----------------------------------+-----------------+-----------------+----------------------------------------------------------------------+---------+
; File Name with User-Entered Path ; Used in Netlist ; File Type       ; File Name with Absolute Path                                         ; Library ;
+----------------------------------+-----------------+-----------------+----------------------------------------------------------------------+---------+
; signextender9.vhd                ; yes             ; User VHDL File  ; /home/shivi/Desktop/MICRO/PIPELINE_24nov_ctrl-done/signextender9.vhd ;         ;
; RegisterRead.vhd                 ; yes             ; User VHDL File  ; /home/shivi/Desktop/MICRO/PIPELINE_24nov_ctrl-done/RegisterRead.vhd  ;         ;
; registerfile.vhd                 ; yes             ; User VHDL File  ; /home/shivi/Desktop/MICRO/PIPELINE_24nov_ctrl-done/registerfile.vhd  ;         ;
; mux2.vhd                         ; yes             ; User VHDL File  ; /home/shivi/Desktop/MICRO/PIPELINE_24nov_ctrl-done/mux2.vhd          ;         ;
; alu_add.vhd                      ; yes             ; User VHDL File  ; /home/shivi/Desktop/MICRO/PIPELINE_24nov_ctrl-done/alu_add.vhd       ;         ;
+----------------------------------+-----------------+-----------------+----------------------------------------------------------------------+---------+


+-----------------------------------------------------+
; Analysis & Synthesis Resource Usage Summary         ;
+---------------------------------------------+-------+
; Resource                                    ; Usage ;
+---------------------------------------------+-------+
; Total logic elements                        ; 329   ;
;     -- Combinational with no register       ; 201   ;
;     -- Register only                        ; 80    ;
;     -- Combinational with a register        ; 48    ;
;                                             ;       ;
; Logic element usage by number of LUT inputs ;       ;
;     -- 4 input functions                    ; 146   ;
;     -- 3 input functions                    ; 50    ;
;     -- 2 input functions                    ; 3     ;
;     -- 1 input functions                    ; 50    ;
;     -- 0 input functions                    ; 0     ;
;                                             ;       ;
; Logic elements by mode                      ;       ;
;     -- normal mode                          ; 320   ;
;     -- arithmetic mode                      ; 9     ;
;     -- qfbk mode                            ; 0     ;
;     -- register cascade mode                ; 0     ;
;     -- synchronous clear/load mode          ; 0     ;
;     -- asynchronous clear/load mode         ; 128   ;
;                                             ;       ;
; Total registers                             ; 128   ;
; Total logic cells in carry chains           ; 10    ;
; I/O pins                                    ; 102   ;
; Maximum fan-out node                        ; clk   ;
; Maximum fan-out                             ; 128   ;
; Total fan-out                               ; 1302  ;
; Average fan-out                             ; 3.02  ;
+---------------------------------------------+-------+


+-------------------------------------------------------------------------------------------------------------------------------------------------------------------------------------------------------------------------------------------------------------+
; Analysis & Synthesis Resource Utilization by Entity                                                                                                                                                                                                         ;
+----------------------------+-------------+--------------+------------+------+--------------+--------------+-------------------+------------------+-----------------+------------+---------------------------------------------+--------------+--------------+
; Compilation Hierarchy Node ; Logic Cells ; LC Registers ; UFM Blocks ; Pins ; Virtual Pins ; LUT-Only LCs ; Register-Only LCs ; LUT/Register LCs ; Carry Chain LCs ; Packed LCs ; Full Hierarchy Name                         ; Entity Name  ; Library Name ;
+----------------------------+-------------+--------------+------------+------+--------------+--------------+-------------------+------------------+-----------------+------------+---------------------------------------------+--------------+--------------+
; |RegisterRead              ; 329 (0)     ; 128          ; 0          ; 102  ; 0            ; 201 (0)      ; 80 (0)            ; 48 (0)           ; 10 (0)          ; 0 (0)      ; |RegisterRead                               ; RegisterRead ; work         ;
;    |alu_add:alu_jump|      ; 17 (0)      ; 0            ; 0          ; 0    ; 0            ; 17 (0)       ; 0 (0)             ; 0 (0)            ; 10 (0)          ; 0 (0)      ; |RegisterRead|alu_add:alu_jump              ; alu_add      ; work         ;
;       |add_1bit:a0|        ; 1 (1)       ; 0            ; 0          ; 0    ; 0            ; 1 (1)        ; 0 (0)             ; 0 (0)            ; 0 (0)           ; 0 (0)      ; |RegisterRead|alu_add:alu_jump|add_1bit:a0  ; add_1bit     ; work         ;
;       |add_1bit:a10|       ; 1 (1)       ; 0            ; 0          ; 0    ; 0            ; 1 (1)        ; 0 (0)             ; 0 (0)            ; 0 (0)           ; 0 (0)      ; |RegisterRead|alu_add:alu_jump|add_1bit:a10 ; add_1bit     ; work         ;
;       |add_1bit:a11|       ; 1 (1)       ; 0            ; 0          ; 0    ; 0            ; 1 (1)        ; 0 (0)             ; 0 (0)            ; 0 (0)           ; 0 (0)      ; |RegisterRead|alu_add:alu_jump|add_1bit:a11 ; add_1bit     ; work         ;
;       |add_1bit:a12|       ; 1 (1)       ; 0            ; 0          ; 0    ; 0            ; 1 (1)        ; 0 (0)             ; 0 (0)            ; 0 (0)           ; 0 (0)      ; |RegisterRead|alu_add:alu_jump|add_1bit:a12 ; add_1bit     ; work         ;
;       |add_1bit:a13|       ; 1 (1)       ; 0            ; 0          ; 0    ; 0            ; 1 (1)        ; 0 (0)             ; 0 (0)            ; 0 (0)           ; 0 (0)      ; |RegisterRead|alu_add:alu_jump|add_1bit:a13 ; add_1bit     ; work         ;
;       |add_1bit:a14|       ; 1 (1)       ; 0            ; 0          ; 0    ; 0            ; 1 (1)        ; 0 (0)             ; 0 (0)            ; 0 (0)           ; 0 (0)      ; |RegisterRead|alu_add:alu_jump|add_1bit:a14 ; add_1bit     ; work         ;
;       |add_1bit:a1|        ; 10 (10)     ; 0            ; 0          ; 0    ; 0            ; 10 (10)      ; 0 (0)             ; 0 (0)            ; 10 (10)         ; 0 (0)      ; |RegisterRead|alu_add:alu_jump|add_1bit:a1  ; add_1bit     ; work         ;
;       |add_1bit:a9|        ; 1 (1)       ; 0            ; 0          ; 0    ; 0            ; 1 (1)        ; 0 (0)             ; 0 (0)            ; 0 (0)           ; 0 (0)      ; |RegisterRead|alu_add:alu_jump|add_1bit:a9  ; add_1bit     ; work         ;
;    |mux2:jump_mux|         ; 16 (16)     ; 0            ; 0          ; 0    ; 0            ; 16 (16)      ; 0 (0)             ; 0 (0)            ; 0 (0)           ; 0 (0)      ; |RegisterRead|mux2:jump_mux                 ; mux2         ; work         ;
;    |registerfile:rf|       ; 296 (296)   ; 128          ; 0          ; 0    ; 0            ; 168 (168)    ; 80 (80)           ; 48 (48)          ; 0 (0)           ; 0 (0)      ; |RegisterRead|registerfile:rf               ; registerfile ; work         ;
+----------------------------+-------------+--------------+------------+------+--------------+--------------+-------------------+------------------+-----------------+------------+---------------------------------------------+--------------+--------------+
Note: For table entries with two numbers listed, the numbers in parentheses indicate the number of resources of the given type used by the specific entity alone. The numbers listed outside of parentheses indicate the total resources of the given type used by the specific entity and all of its sub-entities in the hierarchy.


+------------------------------------------------------+
; General Register Statistics                          ;
+----------------------------------------------+-------+
; Statistic                                    ; Value ;
+----------------------------------------------+-------+
; Total registers                              ; 128   ;
; Number of registers using Synchronous Clear  ; 0     ;
; Number of registers using Synchronous Load   ; 0     ;
; Number of registers using Asynchronous Clear ; 128   ;
; Number of registers using Asynchronous Load  ; 0     ;
; Number of registers using Clock Enable       ; 128   ;
; Number of registers using Preset             ; 0     ;
+----------------------------------------------+-------+


+---------------------------------------------------+
; Inverted Register Statistics                      ;
+-----------------------------------------+---------+
; Inverted Register                       ; Fan out ;
+-----------------------------------------+---------+
; registerfile:rf|registers[7][0]         ; 2       ;
; registerfile:rf|registers[0][0]         ; 2       ;
; registerfile:rf|registers[3][0]         ; 2       ;
; registerfile:rf|registers[4][1]         ; 2       ;
; registerfile:rf|registers[7][1]         ; 2       ;
; registerfile:rf|registers[0][1]         ; 2       ;
; registerfile:rf|registers[3][1]         ; 2       ;
; registerfile:rf|registers[7][2]         ; 2       ;
; registerfile:rf|registers[3][2]         ; 2       ;
; registerfile:rf|registers[6][3]         ; 2       ;
; registerfile:rf|registers[4][3]         ; 2       ;
; registerfile:rf|registers[7][3]         ; 2       ;
; registerfile:rf|registers[3][3]         ; 2       ;
; registerfile:rf|registers[7][4]         ; 2       ;
; registerfile:rf|registers[3][4]         ; 2       ;
; registerfile:rf|registers[6][5]         ; 2       ;
; registerfile:rf|registers[4][5]         ; 2       ;
; registerfile:rf|registers[7][5]         ; 2       ;
; registerfile:rf|registers[3][5]         ; 2       ;
; registerfile:rf|registers[7][6]         ; 2       ;
; registerfile:rf|registers[3][6]         ; 2       ;
; registerfile:rf|registers[6][7]         ; 2       ;
; registerfile:rf|registers[4][7]         ; 2       ;
; registerfile:rf|registers[7][7]         ; 2       ;
; registerfile:rf|registers[0][7]         ; 2       ;
; registerfile:rf|registers[3][7]         ; 2       ;
; registerfile:rf|registers[6][8]         ; 2       ;
; registerfile:rf|registers[7][8]         ; 2       ;
; registerfile:rf|registers[0][8]         ; 2       ;
; registerfile:rf|registers[3][8]         ; 2       ;
; registerfile:rf|registers[6][9]         ; 2       ;
; registerfile:rf|registers[7][9]         ; 2       ;
; registerfile:rf|registers[3][9]         ; 2       ;
; registerfile:rf|registers[6][10]        ; 2       ;
; registerfile:rf|registers[7][10]        ; 2       ;
; registerfile:rf|registers[3][10]        ; 2       ;
; registerfile:rf|registers[7][11]        ; 2       ;
; registerfile:rf|registers[3][11]        ; 2       ;
; registerfile:rf|registers[3][12]        ; 2       ;
; registerfile:rf|registers[6][13]        ; 2       ;
; registerfile:rf|registers[4][13]        ; 2       ;
; registerfile:rf|registers[7][13]        ; 2       ;
; registerfile:rf|registers[3][13]        ; 2       ;
; registerfile:rf|registers[4][14]        ; 2       ;
; registerfile:rf|registers[6][15]        ; 2       ;
; registerfile:rf|registers[4][15]        ; 2       ;
; registerfile:rf|registers[7][15]        ; 2       ;
; registerfile:rf|registers[3][15]        ; 2       ;
; Total number of inverted registers = 48 ;         ;
+-----------------------------------------+---------+


+---------------------------------------------------------------------------------------------------------------------------------------------------+
; Multiplexer Restructuring Statistics (Restructuring Performed)                                                                                    ;
+--------------------+-----------+---------------+----------------------+------------------------+------------+-------------------------------------+
; Multiplexer Inputs ; Bus Width ; Baseline Area ; Area if Restructured ; Saving if Restructured ; Registered ; Example Multiplexer Output          ;
+--------------------+-----------+---------------+----------------------+------------------------+------------+-------------------------------------+
; 8:1                ; 16 bits   ; 80 LEs        ; 80 LEs               ; 0 LEs                  ; No         ; |RegisterRead|registerfile:rf|Mux14 ;
; 8:1                ; 16 bits   ; 80 LEs        ; 80 LEs               ; 0 LEs                  ; No         ; |RegisterRead|registerfile:rf|Mux16 ;
+--------------------+-----------+---------------+----------------------+------------------------+------------+-------------------------------------+


+------------------------------------------------------------+
; Parameter Settings for User Entity Instance: mux2:jump_mux ;
+----------------+-------+-----------------------------------+
; Parameter Name ; Value ; Type                              ;
+----------------+-------+-----------------------------------+
; input_width    ; 16    ; Signed Integer                    ;
+----------------+-------+-----------------------------------+
Note: In order to hide this table in the UI and the text report file, please set the "Show Parameter Settings in Synthesis Report" option in "Analysis and Synthesis Settings -> More Settings" to "Off".


+----------------------------------------------------------------------------------------------------------------+
; Port Connectivity Checks: "alu_add:alu_jump|add_1bit:a15"                                                      ;
+------+--------+----------+-------------------------------------------------------------------------------------+
; Port ; Type   ; Severity ; Details                                                                             ;
+------+--------+----------+-------------------------------------------------------------------------------------+
; o    ; Output ; Info     ; Connected to dangling logic. Logic that only feeds a dangling port will be removed. ;
+------+--------+----------+-------------------------------------------------------------------------------------+


+----------------------------------------------------------+
; Port Connectivity Checks: "alu_add:alu_jump|add_1bit:a0" ;
+------+-------+----------+--------------------------------+
; Port ; Type  ; Severity ; Details                        ;
+------+-------+----------+--------------------------------+
; i    ; Input ; Info     ; Stuck at GND                   ;
+------+-------+----------+--------------------------------+


+-------------------------------+
; Analysis & Synthesis Messages ;
+-------------------------------+
Info: *******************************************************************
Info: Running Quartus Prime Analysis & Synthesis
    Info: Version 16.0.0 Build 211 04/27/2016 SJ Lite Edition
    Info: Processing started: Sun Nov 25 20:00:21 2018
Info: Command: quartus_map --read_settings_files=on --write_settings_files=off RegisterRead -c RegisterRead
Warning (18236): Number of processors has not been specified which may cause overloading on shared machines.  Set the global assignment NUM_PARALLEL_PROCESSORS in your QSF to an appropriate value for best performance.
Info (20030): Parallel compilation is enabled and will use 2 of the 2 processors detected
Info (12021): Found 2 design units, including 1 entities, in source file signextender9.vhd
    Info (12022): Found design unit 1: signextender9-struct File: /home/shivi/Desktop/MICRO/PIPELINE_24nov_ctrl-done/signextender9.vhd Line: 14
    Info (12023): Found entity 1: signextender9 File: /home/shivi/Desktop/MICRO/PIPELINE_24nov_ctrl-done/signextender9.vhd Line: 7
Info (12021): Found 2 design units, including 1 entities, in source file RegisterRead.vhd
    Info (12022): Found design unit 1: RegisterRead-struct File: /home/shivi/Desktop/MICRO/PIPELINE_24nov_ctrl-done/RegisterRead.vhd Line: 18
    Info (12023): Found entity 1: RegisterRead File: /home/shivi/Desktop/MICRO/PIPELINE_24nov_ctrl-done/RegisterRead.vhd Line: 8
Info (12021): Found 2 design units, including 1 entities, in source file registerfile.vhd
    Info (12022): Found design unit 1: registerfile-struct File: /home/shivi/Desktop/MICRO/PIPELINE_24nov_ctrl-done/registerfile.vhd Line: 22
    Info (12023): Found entity 1: registerfile File: /home/shivi/Desktop/MICRO/PIPELINE_24nov_ctrl-done/registerfile.vhd Line: 7
Info (12021): Found 2 design units, including 1 entities, in source file mux2.vhd
    Info (12022): Found design unit 1: mux2-struct File: /home/shivi/Desktop/MICRO/PIPELINE_24nov_ctrl-done/mux2.vhd Line: 18
    Info (12023): Found entity 1: mux2 File: /home/shivi/Desktop/MICRO/PIPELINE_24nov_ctrl-done/mux2.vhd Line: 7
Info (12021): Found 4 design units, including 2 entities, in source file alu_add.vhd
    Info (12022): Found design unit 1: add_1bit-Behave File: /home/shivi/Desktop/MICRO/PIPELINE_24nov_ctrl-done/alu_add.vhd Line: 10
    Info (12022): Found design unit 2: alu_add-behave File: /home/shivi/Desktop/MICRO/PIPELINE_24nov_ctrl-done/alu_add.vhd Line: 28
    Info (12023): Found entity 1: add_1bit File: /home/shivi/Desktop/MICRO/PIPELINE_24nov_ctrl-done/alu_add.vhd Line: 7
    Info (12023): Found entity 2: alu_add File: /home/shivi/Desktop/MICRO/PIPELINE_24nov_ctrl-done/alu_add.vhd Line: 23
Info (12127): Elaborating entity "RegisterRead" for the top level hierarchy
Info (12128): Elaborating entity "registerfile" for hierarchy "registerfile:rf" File: /home/shivi/Desktop/MICRO/PIPELINE_24nov_ctrl-done/RegisterRead.vhd Line: 76
Info (12128): Elaborating entity "alu_add" for hierarchy "alu_add:alu_jump" File: /home/shivi/Desktop/MICRO/PIPELINE_24nov_ctrl-done/RegisterRead.vhd Line: 79
Info (12128): Elaborating entity "add_1bit" for hierarchy "alu_add:alu_jump|add_1bit:a0" File: /home/shivi/Desktop/MICRO/PIPELINE_24nov_ctrl-done/alu_add.vhd Line: 36
Info (12128): Elaborating entity "signextender9" for hierarchy "signextender9:se9" File: /home/shivi/Desktop/MICRO/PIPELINE_24nov_ctrl-done/RegisterRead.vhd Line: 82
Info (12128): Elaborating entity "mux2" for hierarchy "mux2:jump_mux" File: /home/shivi/Desktop/MICRO/PIPELINE_24nov_ctrl-done/RegisterRead.vhd Line: 85
Warning (10631): VHDL Process Statement warning at mux2.vhd(20): inferring latch(es) for signal or variable "dout", which holds its previous value in one or more paths through the process File: /home/shivi/Desktop/MICRO/PIPELINE_24nov_ctrl-done/mux2.vhd Line: 20
Info (10041): Inferred latch for "dout[0]" at mux2.vhd(20) File: /home/shivi/Desktop/MICRO/PIPELINE_24nov_ctrl-done/mux2.vhd Line: 20
Info (10041): Inferred latch for "dout[1]" at mux2.vhd(20) File: /home/shivi/Desktop/MICRO/PIPELINE_24nov_ctrl-done/mux2.vhd Line: 20
Info (10041): Inferred latch for "dout[2]" at mux2.vhd(20) File: /home/shivi/Desktop/MICRO/PIPELINE_24nov_ctrl-done/mux2.vhd Line: 20
Info (10041): Inferred latch for "dout[3]" at mux2.vhd(20) File: /home/shivi/Desktop/MICRO/PIPELINE_24nov_ctrl-done/mux2.vhd Line: 20
Info (10041): Inferred latch for "dout[4]" at mux2.vhd(20) File: /home/shivi/Desktop/MICRO/PIPELINE_24nov_ctrl-done/mux2.vhd Line: 20
Info (10041): Inferred latch for "dout[5]" at mux2.vhd(20) File: /home/shivi/Desktop/MICRO/PIPELINE_24nov_ctrl-done/mux2.vhd Line: 20
Info (10041): Inferred latch for "dout[6]" at mux2.vhd(20) File: /home/shivi/Desktop/MICRO/PIPELINE_24nov_ctrl-done/mux2.vhd Line: 20
Info (10041): Inferred latch for "dout[7]" at mux2.vhd(20) File: /home/shivi/Desktop/MICRO/PIPELINE_24nov_ctrl-done/mux2.vhd Line: 20
Info (10041): Inferred latch for "dout[8]" at mux2.vhd(20) File: /home/shivi/Desktop/MICRO/PIPELINE_24nov_ctrl-done/mux2.vhd Line: 20
Info (10041): Inferred latch for "dout[9]" at mux2.vhd(20) File: /home/shivi/Desktop/MICRO/PIPELINE_24nov_ctrl-done/mux2.vhd Line: 20
Info (10041): Inferred latch for "dout[10]" at mux2.vhd(20) File: /home/shivi/Desktop/MICRO/PIPELINE_24nov_ctrl-done/mux2.vhd Line: 20
Info (10041): Inferred latch for "dout[11]" at mux2.vhd(20) File: /home/shivi/Desktop/MICRO/PIPELINE_24nov_ctrl-done/mux2.vhd Line: 20
Info (10041): Inferred latch for "dout[12]" at mux2.vhd(20) File: /home/shivi/Desktop/MICRO/PIPELINE_24nov_ctrl-done/mux2.vhd Line: 20
Info (10041): Inferred latch for "dout[13]" at mux2.vhd(20) File: /home/shivi/Desktop/MICRO/PIPELINE_24nov_ctrl-done/mux2.vhd Line: 20
Info (10041): Inferred latch for "dout[14]" at mux2.vhd(20) File: /home/shivi/Desktop/MICRO/PIPELINE_24nov_ctrl-done/mux2.vhd Line: 20
Info (10041): Inferred latch for "dout[15]" at mux2.vhd(20) File: /home/shivi/Desktop/MICRO/PIPELINE_24nov_ctrl-done/mux2.vhd Line: 20
Info (18000): Registers with preset signals will power-up high File: /home/shivi/Desktop/MICRO/PIPELINE_24nov_ctrl-done/registerfile.vhd Line: 33
Info (21057): Implemented 431 device resources after synthesis - the final resource count might be different
    Info (21058): Implemented 54 input pins
    Info (21059): Implemented 48 output pins
    Info (21061): Implemented 329 logic cells
Info: Quartus Prime Analysis & Synthesis was successful. 0 errors, 2 warnings
    Info: Peak virtual memory: 1234 megabytes
    Info: Processing ended: Sun Nov 25 20:00:34 2018
    Info: Elapsed time: 00:00:13
    Info: Total CPU time (on all processors): 00:00:31


