Analysis & Synthesis report for WriteBack
Sun Nov 25 20:28:14 2018
Quartus Prime Version 16.0.0 Build 211 04/27/2016 SJ Lite Edition


---------------------
; Table of Contents ;
---------------------
  1. Legal Notice
  2. Analysis & Synthesis Summary
  3. Analysis & Synthesis Settings
  4. Parallel Compilation
  5. Analysis & Synthesis Source Files Read
  6. Analysis & Synthesis Resource Usage Summary
  7. Analysis & Synthesis Resource Utilization by Entity
  8. General Register Statistics
  9. Multiplexer Restructuring Statistics (Restructuring Performed)
 10. Parameter Settings for User Entity Instance: mux4:rf_a3_mux
 11. Parameter Settings for User Entity Instance: mux4:rf_d3_mux
 12. Analysis & Synthesis Messages



----------------
; Legal Notice ;
----------------
Copyright (C) 1991-2016 Altera Corporation. All rights reserved.
Your use of Altera Corporation's design tools, logic functions 
and other software and tools, and its AMPP partner logic 
functions, and any output files from any of the foregoing 
(including device programming or simulation files), and any 
associated documentation or information are expressly subject 
to the terms and conditions of the Altera Program License 
Subscription Agreement, the Altera Quartus Prime License Agreement,
the Altera MegaCore Function License Agreement, or other 
applicable license agreement, including, without limitation, 
that your use is for the sole purpose of programming logic 
devices manufactured by Altera and sold by Altera or its 
authorized distributors.  Please refer to the applicable 
agreement for further details.



+---------------------------------------------------------------------------+
; Analysis & Synthesis Summary                                              ;
+-----------------------------+---------------------------------------------+
; Analysis & Synthesis Status ; Successful - Sun Nov 25 20:28:14 2018       ;
; Quartus Prime Version       ; 16.0.0 Build 211 04/27/2016 SJ Lite Edition ;
; Revision Name               ; WriteBack                                   ;
; Top-level Entity Name       ; WriteBack                                   ;
; Family                      ; MAX V                                       ;
; Total logic elements        ; 38                                          ;
; Total pins                  ; 97                                          ;
; Total virtual pins          ; 0                                           ;
; UFM blocks                  ; 0 / 1 ( 0 % )                               ;
+-----------------------------+---------------------------------------------+


+----------------------------------------------------------------------------------------------------------------------+
; Analysis & Synthesis Settings                                                                                        ;
+----------------------------------------------------------------------------+--------------------+--------------------+
; Option                                                                     ; Setting            ; Default Value      ;
+----------------------------------------------------------------------------+--------------------+--------------------+
; Device                                                                     ; 5M1270ZT144C5      ;                    ;
; Top-level entity name                                                      ; WriteBack          ; WriteBack          ;
; Family name                                                                ; MAX V              ; Cyclone V          ;
; Use smart compilation                                                      ; Off                ; Off                ;
; Enable parallel Assembler and TimeQuest Timing Analyzer during compilation ; On                 ; On                 ;
; Enable compact report table                                                ; Off                ; Off                ;
; Restructure Multiplexers                                                   ; Auto               ; Auto               ;
; Create Debugging Nodes for IP Cores                                        ; Off                ; Off                ;
; Preserve fewer node names                                                  ; On                 ; On                 ;
; Disable OpenCore Plus hardware evaluation                                  ; Off                ; Off                ;
; Verilog Version                                                            ; Verilog_2001       ; Verilog_2001       ;
; VHDL Version                                                               ; VHDL_1993          ; VHDL_1993          ;
; State Machine Processing                                                   ; Auto               ; Auto               ;
; Safe State Machine                                                         ; Off                ; Off                ;
; Extract Verilog State Machines                                             ; On                 ; On                 ;
; Extract VHDL State Machines                                                ; On                 ; On                 ;
; Ignore Verilog initial constructs                                          ; Off                ; Off                ;
; Iteration limit for constant Verilog loops                                 ; 5000               ; 5000               ;
; Iteration limit for non-constant Verilog loops                             ; 250                ; 250                ;
; Add Pass-Through Logic to Inferred RAMs                                    ; On                 ; On                 ;
; Infer RAMs from Raw Logic                                                  ; On                 ; On                 ;
; Parallel Synthesis                                                         ; On                 ; On                 ;
; NOT Gate Push-Back                                                         ; On                 ; On                 ;
; Power-Up Don't Care                                                        ; On                 ; On                 ;
; Remove Redundant Logic Cells                                               ; Off                ; Off                ;
; Remove Duplicate Registers                                                 ; On                 ; On                 ;
; Ignore CARRY Buffers                                                       ; Off                ; Off                ;
; Ignore CASCADE Buffers                                                     ; Off                ; Off                ;
; Ignore GLOBAL Buffers                                                      ; Off                ; Off                ;
; Ignore ROW GLOBAL Buffers                                                  ; Off                ; Off                ;
; Ignore LCELL Buffers                                                       ; Off                ; Off                ;
; Ignore SOFT Buffers                                                        ; On                 ; On                 ;
; Limit AHDL Integers to 32 Bits                                             ; Off                ; Off                ;
; Optimization Technique                                                     ; Balanced           ; Balanced           ;
; Carry Chain Length                                                         ; 70                 ; 70                 ;
; Auto Carry Chains                                                          ; On                 ; On                 ;
; Auto Open-Drain Pins                                                       ; On                 ; On                 ;
; Perform WYSIWYG Primitive Resynthesis                                      ; Off                ; Off                ;
; Auto Shift Register Replacement                                            ; Auto               ; Auto               ;
; Allow Shift Register Merging across Hierarchies                            ; Auto               ; Auto               ;
; Auto Clock Enable Replacement                                              ; On                 ; On                 ;
; Allow Synchronous Control Signals                                          ; On                 ; On                 ;
; Force Use of Synchronous Clear Signals                                     ; Off                ; Off                ;
; Auto Resource Sharing                                                      ; Off                ; Off                ;
; Use LogicLock Constraints during Resource Balancing                        ; On                 ; On                 ;
; Ignore translate_off and synthesis_off directives                          ; Off                ; Off                ;
; Report Parameter Settings                                                  ; On                 ; On                 ;
; Report Source Assignments                                                  ; On                 ; On                 ;
; Report Connectivity Checks                                                 ; On                 ; On                 ;
; Ignore Maximum Fan-Out Assignments                                         ; Off                ; Off                ;
; Synchronization Register Chain Length                                      ; 2                  ; 2                  ;
; PowerPlay Power Optimization During Synthesis                              ; Normal compilation ; Normal compilation ;
; HDL message level                                                          ; Level2             ; Level2             ;
; Suppress Register Optimization Related Messages                            ; Off                ; Off                ;
; Number of Removed Registers Reported in Synthesis Report                   ; 5000               ; 5000               ;
; Number of Swept Nodes Reported in Synthesis Report                         ; 5000               ; 5000               ;
; Number of Inverted Registers Reported in Synthesis Report                  ; 100                ; 100                ;
; Clock MUX Protection                                                       ; On                 ; On                 ;
; Block Design Naming                                                        ; Auto               ; Auto               ;
; Synthesis Effort                                                           ; Auto               ; Auto               ;
; Shift Register Replacement - Allow Asynchronous Clear Signal               ; On                 ; On                 ;
; Analysis & Synthesis Message Level                                         ; Medium             ; Medium             ;
; Disable Register Merging Across Hierarchies                                ; Auto               ; Auto               ;
; Synthesis Seed                                                             ; 1                  ; 1                  ;
+----------------------------------------------------------------------------+--------------------+--------------------+


+------------------------------------------+
; Parallel Compilation                     ;
+----------------------------+-------------+
; Processors                 ; Number      ;
+----------------------------+-------------+
; Number detected on machine ; 4           ;
; Maximum allowed            ; 2           ;
;                            ;             ;
; Average used               ; 1.00        ;
; Maximum used               ; 1           ;
;                            ;             ;
; Usage by Processor         ; % Time Used ;
;     Processor 1            ; 100.0%      ;
+----------------------------+-------------+


+---------------------------------------------------------------------------------------------------------------------------------------------------+
; Analysis & Synthesis Source Files Read                                                                                                            ;
+----------------------------------+-----------------+-----------------+------------------------------------------------------------------+---------+
; File Name with User-Entered Path ; Used in Netlist ; File Type       ; File Name with Absolute Path                                     ; Library ;
+----------------------------------+-----------------+-----------------+------------------------------------------------------------------+---------+
; WriteBack.vhd                    ; yes             ; User VHDL File  ; /home/shivi/Desktop/MICRO/PIPELINE_24nov_ctrl-done/WriteBack.vhd ;         ;
; mux4.vhd                         ; yes             ; User VHDL File  ; /home/shivi/Desktop/MICRO/PIPELINE_24nov_ctrl-done/mux4.vhd      ;         ;
+----------------------------------+-----------------+-----------------+------------------------------------------------------------------+---------+


+-------------------------------------------------------------+
; Analysis & Synthesis Resource Usage Summary                 ;
+---------------------------------------------+---------------+
; Resource                                    ; Usage         ;
+---------------------------------------------+---------------+
; Total logic elements                        ; 38            ;
;     -- Combinational with no register       ; 38            ;
;     -- Register only                        ; 0             ;
;     -- Combinational with a register        ; 0             ;
;                                             ;               ;
; Logic element usage by number of LUT inputs ;               ;
;     -- 4 input functions                    ; 32            ;
;     -- 3 input functions                    ; 6             ;
;     -- 2 input functions                    ; 0             ;
;     -- 1 input functions                    ; 0             ;
;     -- 0 input functions                    ; 0             ;
;                                             ;               ;
; Logic elements by mode                      ;               ;
;     -- normal mode                          ; 38            ;
;     -- arithmetic mode                      ; 0             ;
;     -- qfbk mode                            ; 0             ;
;     -- register cascade mode                ; 0             ;
;     -- synchronous clear/load mode          ; 0             ;
;     -- asynchronous clear/load mode         ; 0             ;
;                                             ;               ;
; Total registers                             ; 0             ;
; I/O pins                                    ; 97            ;
; Maximum fan-out node                        ; d3_mux_sel[1] ;
; Maximum fan-out                             ; 24            ;
; Total fan-out                               ; 165           ;
; Average fan-out                             ; 1.22          ;
+---------------------------------------------+---------------+


+------------------------------------------------------------------------------------------------------------------------------------------------------------------------------------------------------------------------------------------+
; Analysis & Synthesis Resource Utilization by Entity                                                                                                                                                                                      ;
+----------------------------+-------------+--------------+------------+------+--------------+--------------+-------------------+------------------+-----------------+------------+---------------------------+-------------+--------------+
; Compilation Hierarchy Node ; Logic Cells ; LC Registers ; UFM Blocks ; Pins ; Virtual Pins ; LUT-Only LCs ; Register-Only LCs ; LUT/Register LCs ; Carry Chain LCs ; Packed LCs ; Full Hierarchy Name       ; Entity Name ; Library Name ;
+----------------------------+-------------+--------------+------------+------+--------------+--------------+-------------------+------------------+-----------------+------------+---------------------------+-------------+--------------+
; |WriteBack                 ; 38 (0)      ; 0            ; 0          ; 97   ; 0            ; 38 (0)       ; 0 (0)             ; 0 (0)            ; 0 (0)           ; 0 (0)      ; |WriteBack                ; WriteBack   ; work         ;
;    |mux4:rf_a3_mux|        ; 6 (6)       ; 0            ; 0          ; 0    ; 0            ; 6 (6)        ; 0 (0)             ; 0 (0)            ; 0 (0)           ; 0 (0)      ; |WriteBack|mux4:rf_a3_mux ; mux4        ; work         ;
;    |mux4:rf_d3_mux|        ; 32 (32)     ; 0            ; 0          ; 0    ; 0            ; 32 (32)      ; 0 (0)             ; 0 (0)            ; 0 (0)           ; 0 (0)      ; |WriteBack|mux4:rf_d3_mux ; mux4        ; work         ;
+----------------------------+-------------+--------------+------------+------+--------------+--------------+-------------------+------------------+-----------------+------------+---------------------------+-------------+--------------+
Note: For table entries with two numbers listed, the numbers in parentheses indicate the number of resources of the given type used by the specific entity alone. The numbers listed outside of parentheses indicate the total resources of the given type used by the specific entity and all of its sub-entities in the hierarchy.


+------------------------------------------------------+
; General Register Statistics                          ;
+----------------------------------------------+-------+
; Statistic                                    ; Value ;
+----------------------------------------------+-------+
; Total registers                              ; 0     ;
; Number of registers using Synchronous Clear  ; 0     ;
; Number of registers using Synchronous Load   ; 0     ;
; Number of registers using Asynchronous Clear ; 0     ;
; Number of registers using Asynchronous Load  ; 0     ;
; Number of registers using Clock Enable       ; 0     ;
; Number of registers using Preset             ; 0     ;
+----------------------------------------------+-------+


+--------------------------------------------------------------------------------------------------------------------------------------------------+
; Multiplexer Restructuring Statistics (Restructuring Performed)                                                                                   ;
+--------------------+-----------+---------------+----------------------+------------------------+------------+------------------------------------+
; Multiplexer Inputs ; Bus Width ; Baseline Area ; Area if Restructured ; Saving if Restructured ; Registered ; Example Multiplexer Output         ;
+--------------------+-----------+---------------+----------------------+------------------------+------------+------------------------------------+
; 3:1                ; 3 bits    ; 6 LEs         ; 6 LEs                ; 0 LEs                  ; No         ; |WriteBack|mux4:rf_a3_mux|dout[1]  ;
; 4:1                ; 16 bits   ; 32 LEs        ; 32 LEs               ; 0 LEs                  ; No         ; |WriteBack|mux4:rf_d3_mux|dout[14] ;
+--------------------+-----------+---------------+----------------------+------------------------+------------+------------------------------------+


+-------------------------------------------------------------+
; Parameter Settings for User Entity Instance: mux4:rf_a3_mux ;
+----------------+-------+------------------------------------+
; Parameter Name ; Value ; Type                               ;
+----------------+-------+------------------------------------+
; input_width    ; 3     ; Signed Integer                     ;
+----------------+-------+------------------------------------+
Note: In order to hide this table in the UI and the text report file, please set the "Show Parameter Settings in Synthesis Report" option in "Analysis and Synthesis Settings -> More Settings" to "Off".


+-------------------------------------------------------------+
; Parameter Settings for User Entity Instance: mux4:rf_d3_mux ;
+----------------+-------+------------------------------------+
; Parameter Name ; Value ; Type                               ;
+----------------+-------+------------------------------------+
; input_width    ; 16    ; Signed Integer                     ;
+----------------+-------+------------------------------------+
Note: In order to hide this table in the UI and the text report file, please set the "Show Parameter Settings in Synthesis Report" option in "Analysis and Synthesis Settings -> More Settings" to "Off".


+-------------------------------+
; Analysis & Synthesis Messages ;
+-------------------------------+
Info: *******************************************************************
Info: Running Quartus Prime Analysis & Synthesis
    Info: Version 16.0.0 Build 211 04/27/2016 SJ Lite Edition
    Info: Processing started: Sun Nov 25 20:28:01 2018
Info: Command: quartus_map --read_settings_files=on --write_settings_files=off WriteBack -c WriteBack
Warning (18236): Number of processors has not been specified which may cause overloading on shared machines.  Set the global assignment NUM_PARALLEL_PROCESSORS in your QSF to an appropriate value for best performance.
Info (20030): Parallel compilation is enabled and will use 2 of the 2 processors detected
Info (12021): Found 2 design units, including 1 entities, in source file WriteBack.vhd
    Info (12022): Found design unit 1: WriteBack-struct File: /home/shivi/Desktop/MICRO/PIPELINE_24nov_ctrl-done/WriteBack.vhd Line: 19
    Info (12023): Found entity 1: WriteBack File: /home/shivi/Desktop/MICRO/PIPELINE_24nov_ctrl-done/WriteBack.vhd Line: 8
Info (12021): Found 2 design units, including 1 entities, in source file mux4.vhd
    Info (12022): Found design unit 1: mux4-struct File: /home/shivi/Desktop/MICRO/PIPELINE_24nov_ctrl-done/mux4.vhd Line: 20
    Info (12023): Found entity 1: mux4 File: /home/shivi/Desktop/MICRO/PIPELINE_24nov_ctrl-done/mux4.vhd Line: 7
Info (12127): Elaborating entity "WriteBack" for the top level hierarchy
Warning (10541): VHDL Signal Declaration warning at WriteBack.vhd(21): used implicit default value for signal "dummy2" because signal was never assigned a value or an explicit default value. Use of implicit default value may introduce unintended design optimizations. File: /home/shivi/Desktop/MICRO/PIPELINE_24nov_ctrl-done/WriteBack.vhd Line: 21
Info (12128): Elaborating entity "mux4" for hierarchy "mux4:rf_a3_mux" File: /home/shivi/Desktop/MICRO/PIPELINE_24nov_ctrl-done/WriteBack.vhd Line: 45
Warning (10631): VHDL Process Statement warning at mux4.vhd(22): inferring latch(es) for signal or variable "dout", which holds its previous value in one or more paths through the process File: /home/shivi/Desktop/MICRO/PIPELINE_24nov_ctrl-done/mux4.vhd Line: 22
Info (10041): Inferred latch for "dout[0]" at mux4.vhd(22) File: /home/shivi/Desktop/MICRO/PIPELINE_24nov_ctrl-done/mux4.vhd Line: 22
Info (10041): Inferred latch for "dout[1]" at mux4.vhd(22) File: /home/shivi/Desktop/MICRO/PIPELINE_24nov_ctrl-done/mux4.vhd Line: 22
Info (10041): Inferred latch for "dout[2]" at mux4.vhd(22) File: /home/shivi/Desktop/MICRO/PIPELINE_24nov_ctrl-done/mux4.vhd Line: 22
Info (12128): Elaborating entity "mux4" for hierarchy "mux4:rf_d3_mux" File: /home/shivi/Desktop/MICRO/PIPELINE_24nov_ctrl-done/WriteBack.vhd Line: 49
Warning (10631): VHDL Process Statement warning at mux4.vhd(22): inferring latch(es) for signal or variable "dout", which holds its previous value in one or more paths through the process File: /home/shivi/Desktop/MICRO/PIPELINE_24nov_ctrl-done/mux4.vhd Line: 22
Info (10041): Inferred latch for "dout[0]" at mux4.vhd(22) File: /home/shivi/Desktop/MICRO/PIPELINE_24nov_ctrl-done/mux4.vhd Line: 22
Info (10041): Inferred latch for "dout[1]" at mux4.vhd(22) File: /home/shivi/Desktop/MICRO/PIPELINE_24nov_ctrl-done/mux4.vhd Line: 22
Info (10041): Inferred latch for "dout[2]" at mux4.vhd(22) File: /home/shivi/Desktop/MICRO/PIPELINE_24nov_ctrl-done/mux4.vhd Line: 22
Info (10041): Inferred latch for "dout[3]" at mux4.vhd(22) File: /home/shivi/Desktop/MICRO/PIPELINE_24nov_ctrl-done/mux4.vhd Line: 22
Info (10041): Inferred latch for "dout[4]" at mux4.vhd(22) File: /home/shivi/Desktop/MICRO/PIPELINE_24nov_ctrl-done/mux4.vhd Line: 22
Info (10041): Inferred latch for "dout[5]" at mux4.vhd(22) File: /home/shivi/Desktop/MICRO/PIPELINE_24nov_ctrl-done/mux4.vhd Line: 22
Info (10041): Inferred latch for "dout[6]" at mux4.vhd(22) File: /home/shivi/Desktop/MICRO/PIPELINE_24nov_ctrl-done/mux4.vhd Line: 22
Info (10041): Inferred latch for "dout[7]" at mux4.vhd(22) File: /home/shivi/Desktop/MICRO/PIPELINE_24nov_ctrl-done/mux4.vhd Line: 22
Info (10041): Inferred latch for "dout[8]" at mux4.vhd(22) File: /home/shivi/Desktop/MICRO/PIPELINE_24nov_ctrl-done/mux4.vhd Line: 22
Info (10041): Inferred latch for "dout[9]" at mux4.vhd(22) File: /home/shivi/Desktop/MICRO/PIPELINE_24nov_ctrl-done/mux4.vhd Line: 22
Info (10041): Inferred latch for "dout[10]" at mux4.vhd(22) File: /home/shivi/Desktop/MICRO/PIPELINE_24nov_ctrl-done/mux4.vhd Line: 22
Info (10041): Inferred latch for "dout[11]" at mux4.vhd(22) File: /home/shivi/Desktop/MICRO/PIPELINE_24nov_ctrl-done/mux4.vhd Line: 22
Info (10041): Inferred latch for "dout[12]" at mux4.vhd(22) File: /home/shivi/Desktop/MICRO/PIPELINE_24nov_ctrl-done/mux4.vhd Line: 22
Info (10041): Inferred latch for "dout[13]" at mux4.vhd(22) File: /home/shivi/Desktop/MICRO/PIPELINE_24nov_ctrl-done/mux4.vhd Line: 22
Info (10041): Inferred latch for "dout[14]" at mux4.vhd(22) File: /home/shivi/Desktop/MICRO/PIPELINE_24nov_ctrl-done/mux4.vhd Line: 22
Info (10041): Inferred latch for "dout[15]" at mux4.vhd(22) File: /home/shivi/Desktop/MICRO/PIPELINE_24nov_ctrl-done/mux4.vhd Line: 22
Warning (14026): LATCH primitive "mux4:rf_d3_mux|dout[0]" is permanently enabled File: /home/shivi/Desktop/MICRO/PIPELINE_24nov_ctrl-done/mux4.vhd Line: 22
Warning (14026): LATCH primitive "mux4:rf_d3_mux|dout[1]" is permanently enabled File: /home/shivi/Desktop/MICRO/PIPELINE_24nov_ctrl-done/mux4.vhd Line: 22
Warning (14026): LATCH primitive "mux4:rf_d3_mux|dout[2]" is permanently enabled File: /home/shivi/Desktop/MICRO/PIPELINE_24nov_ctrl-done/mux4.vhd Line: 22
Warning (14026): LATCH primitive "mux4:rf_d3_mux|dout[3]" is permanently enabled File: /home/shivi/Desktop/MICRO/PIPELINE_24nov_ctrl-done/mux4.vhd Line: 22
Warning (14026): LATCH primitive "mux4:rf_d3_mux|dout[4]" is permanently enabled File: /home/shivi/Desktop/MICRO/PIPELINE_24nov_ctrl-done/mux4.vhd Line: 22
Warning (14026): LATCH primitive "mux4:rf_d3_mux|dout[5]" is permanently enabled File: /home/shivi/Desktop/MICRO/PIPELINE_24nov_ctrl-done/mux4.vhd Line: 22
Warning (14026): LATCH primitive "mux4:rf_d3_mux|dout[6]" is permanently enabled File: /home/shivi/Desktop/MICRO/PIPELINE_24nov_ctrl-done/mux4.vhd Line: 22
Warning (14026): LATCH primitive "mux4:rf_d3_mux|dout[7]" is permanently enabled File: /home/shivi/Desktop/MICRO/PIPELINE_24nov_ctrl-done/mux4.vhd Line: 22
Warning (14026): LATCH primitive "mux4:rf_d3_mux|dout[8]" is permanently enabled File: /home/shivi/Desktop/MICRO/PIPELINE_24nov_ctrl-done/mux4.vhd Line: 22
Warning (14026): LATCH primitive "mux4:rf_d3_mux|dout[9]" is permanently enabled File: /home/shivi/Desktop/MICRO/PIPELINE_24nov_ctrl-done/mux4.vhd Line: 22
Warning (14026): LATCH primitive "mux4:rf_d3_mux|dout[10]" is permanently enabled File: /home/shivi/Desktop/MICRO/PIPELINE_24nov_ctrl-done/mux4.vhd Line: 22
Warning (14026): LATCH primitive "mux4:rf_d3_mux|dout[11]" is permanently enabled File: /home/shivi/Desktop/MICRO/PIPELINE_24nov_ctrl-done/mux4.vhd Line: 22
Warning (14026): LATCH primitive "mux4:rf_d3_mux|dout[12]" is permanently enabled File: /home/shivi/Desktop/MICRO/PIPELINE_24nov_ctrl-done/mux4.vhd Line: 22
Warning (14026): LATCH primitive "mux4:rf_d3_mux|dout[13]" is permanently enabled File: /home/shivi/Desktop/MICRO/PIPELINE_24nov_ctrl-done/mux4.vhd Line: 22
Warning (14026): LATCH primitive "mux4:rf_d3_mux|dout[14]" is permanently enabled File: /home/shivi/Desktop/MICRO/PIPELINE_24nov_ctrl-done/mux4.vhd Line: 22
Warning (14026): LATCH primitive "mux4:rf_d3_mux|dout[15]" is permanently enabled File: /home/shivi/Desktop/MICRO/PIPELINE_24nov_ctrl-done/mux4.vhd Line: 22
Warning (14026): LATCH primitive "mux4:rf_a3_mux|dout[0]" is permanently enabled File: /home/shivi/Desktop/MICRO/PIPELINE_24nov_ctrl-done/mux4.vhd Line: 22
Warning (14026): LATCH primitive "mux4:rf_a3_mux|dout[1]" is permanently enabled File: /home/shivi/Desktop/MICRO/PIPELINE_24nov_ctrl-done/mux4.vhd Line: 22
Warning (14026): LATCH primitive "mux4:rf_a3_mux|dout[2]" is permanently enabled File: /home/shivi/Desktop/MICRO/PIPELINE_24nov_ctrl-done/mux4.vhd Line: 22
Warning (21074): Design contains 1 input pin(s) that do not drive logic
    Warning (15610): No output dependent on input pin "reset" File: /home/shivi/Desktop/MICRO/PIPELINE_24nov_ctrl-done/WriteBack.vhd Line: 9
Info (21057): Implemented 135 device resources after synthesis - the final resource count might be different
    Info (21058): Implemented 78 input pins
    Info (21059): Implemented 19 output pins
    Info (21061): Implemented 38 logic cells
Info: Quartus Prime Analysis & Synthesis was successful. 0 errors, 25 warnings
    Info: Peak virtual memory: 1239 megabytes
    Info: Processing ended: Sun Nov 25 20:28:14 2018
    Info: Elapsed time: 00:00:13
    Info: Total CPU time (on all processors): 00:00:31


